#
# There is insufficient memory for the Java Runtime Environment to continue.
# Native memory allocation (malloc) failed to allocate 780416 bytes for Chunk::new
# Possible reasons:
#   The system is out of physical RAM or swap space
#   The process is running with CompressedOops enabled, and the Java Heap may be blocking the growth of the native heap
# Possible solutions:
#   Reduce memory load on the system
#   Increase physical memory or swap space
#   Check if swap backing store is full
#   Decrease Java heap size (-Xmx/-Xms)
#   Decrease number of Java threads
#   Decrease Java thread stack sizes (-Xss)
#   Set larger code cache with -XX:ReservedCodeCacheSize=
#   JVM is running with Unscaled Compressed Oops mode in which the Java heap is
#     placed in the first 4GB address space. The Java Heap base address is the
#     maximum limit for the native heap growth. Please use -XX:HeapBaseMinAddress
#     to set the Java Heap base and to place the Java Heap above 4GB virtual address.
# This output file may be truncated or incomplete.
#
#  Out of Memory Error (allocation.cpp:389), pid=14360, tid=0x00000000000040e8
#
# JRE version: OpenJDK Runtime Environment (8.0_202-b03) (build 1.8.0_202-release-1483-b03)
# Java VM: OpenJDK 64-Bit Server VM (25.202-b03 mixed mode windows-amd64 compressed oops)
# Failed to write core dump. Minidumps are not enabled by default on client versions of Windows
#

---------------  T H R E A D  ---------------

Current thread (0x0000000018702000):  JavaThread "C2 CompilerThread1" daemon [_thread_in_native, id=16616, stack(0x0000000018b00000,0x0000000018c00000)]

Stack: [0x0000000018b00000,0x0000000018c00000]
[error occurred during error reporting (printing stack bounds), id 0xc0000005]

Native frames: (J=compiled Java code, j=interpreted, Vv=VM code, C=native code)


Current CompileTask:
C2:   4025 1873   !   4       java.net.URLClassLoader$1::run (63 bytes)


---------------  P R O C E S S  ---------------

Java Threads: ( => current thread )
  0x000000001870c000 JavaThread "Service Thread" daemon [_thread_blocked, id=1032, stack(0x0000000018d00000,0x0000000018e00000)]
  0x0000000018707800 JavaThread "C1 CompilerThread2" daemon [_thread_in_native, id=13604, stack(0x0000000018c00000,0x0000000018d00000)]
=>0x0000000018702000 JavaThread "C2 CompilerThread1" daemon [_thread_in_native, id=16616, stack(0x0000000018b00000,0x0000000018c00000)]
  0x0000000016fad800 JavaThread "C2 CompilerThread0" daemon [_thread_in_native, id=10720, stack(0x0000000018600000,0x0000000018700000)]
  0x0000000016fac800 JavaThread "Attach Listener" daemon [_thread_blocked, id=13932, stack(0x0000000018500000,0x0000000018600000)]
  0x0000000016fab000 JavaThread "Signal Dispatcher" daemon [_thread_blocked, id=14372, stack(0x0000000018400000,0x0000000018500000)]
  0x00000000024cb800 JavaThread "Finalizer" daemon [_thread_blocked, id=18080, stack(0x0000000018200000,0x0000000018300000)]
  0x0000000016f89000 JavaThread "Reference Handler" daemon [_thread_blocked, id=8100, stack(0x0000000018100000,0x0000000018200000)]
  0x00000000023d6000 JavaThread "main" [_thread_in_Java, id=17644, stack(0x00000000022d0000,0x00000000023d0000)]

Other Threads:
  0x0000000016f66800 VMThread [stack: 0x0000000018000000,0x0000000018100000] [id=7756]
  0x000000001870e000 WatcherThread [stack: 0x0000000018e00000,0x0000000018f00000] [id=3400]

VM state:not at safepoint (normal execution)

VM Mutex/Monitor currently owned by a thread: None

heap address: 0x0000000082200000, size: 2014 MB, Compressed Oops mode: 32-bit
Narrow klass base: 0x0000000000000000, Narrow klass shift: 3
Compressed class space size: 1073741824 Address: 0x0000000100000000

Heap:
 PSYoungGen      total 37888K, used 11134K [0x00000000d6100000, 0x00000000d8b00000, 0x0000000100000000)
  eden space 32768K, 18% used [0x00000000d6100000,0x00000000d66e2dd0,0x00000000d8100000)
  from space 5120K, 99% used [0x00000000d8600000,0x00000000d8afcdc8,0x00000000d8b00000)
  to   space 5120K, 0% used [0x00000000d8100000,0x00000000d8100000,0x00000000d8600000)
 ParOldGen       total 65024K, used 11167K [0x0000000082200000, 0x0000000086180000, 0x00000000d6100000)
  object space 65024K, 17% used [0x0000000082200000,0x0000000082ce7e18,0x0000000086180000)
 Metaspace       used 24851K, capacity 25358K, committed 25728K, reserved 1071104K
  class space    used 2970K, capacity 3149K, committed 3200K, reserved 1048576K

Card table byte_map: [0x0000000011890000,0x0000000011c80000] byte_map_base: 0x000000001147f000

Marking Bits: (ParMarkBitMap*) 0x000000006dad9f30
 Begin Bits: [0x0000000012320000, 0x0000000014298000)
 End Bits:   [0x0000000014298000, 0x0000000016210000)

Polling page: 0x00000000001c0000

CodeCache: size=245760Kb used=5697Kb max_used=5697Kb free=240062Kb
 bounds [0x00000000024d0000, 0x0000000002a70000, 0x00000000114d0000]
 total_blobs=2301 nmethods=1888 adapters=326
 compilation: enabled

Compilation events (10 events):
Event: 3.985 Thread 0x0000000018707800 1888       3       org.jetbrains.kotlin.protobuf.WireFormat::makeTag (6 bytes)
Event: 3.985 Thread 0x0000000018707800 nmethod 1888 0x0000000002a5f890 code [0x0000000002a5f9e0, 0x0000000002a5fb10]
Event: 3.990 Thread 0x0000000018707800 1889       3       java.lang.invoke.MethodType$ConcurrentWeakInternSet$WeakEntry::<init> (15 bytes)
Event: 3.990 Thread 0x0000000018707800 nmethod 1889 0x0000000002a5fb90 code [0x0000000002a5fd20, 0x0000000002a60108]
Event: 3.996 Thread 0x0000000018707800 1890       3       java.lang.invoke.MethodHandles$Lookup::<init> (15 bytes)
Event: 3.996 Thread 0x0000000018707800 nmethod 1890 0x0000000002a60290 code [0x0000000002a603e0, 0x0000000002a605b0]
Event: 3.996 Thread 0x0000000018707800 1891       3       java.lang.invoke.MethodHandles$Lookup::checkSymbolicClass (42 bytes)
Event: 3.997 Thread 0x0000000018707800 nmethod 1891 0x0000000002a60650 code [0x0000000002a60880, 0x0000000002a61358]
Event: 4.006 Thread 0x0000000018707800 1892  s    3       java.io.ByteArrayInputStream::read (36 bytes)
Event: 4.006 Thread 0x0000000018707800 nmethod 1892 0x0000000002a61850 code [0x0000000002a619c0, 0x0000000002a61d10]

GC Heap History (10 events):
Event: 1.704 GC heap before
{Heap before GC invocations=1 (full 0):
 PSYoungGen      total 37888K, used 32768K [0x00000000d6100000, 0x00000000d8b00000, 0x0000000100000000)
  eden space 32768K, 100% used [0x00000000d6100000,0x00000000d8100000,0x00000000d8100000)
  from space 5120K, 0% used [0x00000000d8600000,0x00000000d8600000,0x00000000d8b00000)
  to   space 5120K, 0% used [0x00000000d8100000,0x00000000d8100000,0x00000000d8600000)
 ParOldGen       total 86016K, used 0K [0x0000000082200000, 0x0000000087600000, 0x00000000d6100000)
  object space 86016K, 0% used [0x0000000082200000,0x0000000082200000,0x0000000087600000)
 Metaspace       used 9949K, capacity 10220K, committed 10496K, reserved 1058816K
  class space    used 1104K, capacity 1180K, committed 1280K, reserved 1048576K
Event: 1.715 GC heap after
Heap after GC invocations=1 (full 0):
 PSYoungGen      total 37888K, used 5118K [0x00000000d6100000, 0x00000000d8b00000, 0x0000000100000000)
  eden space 32768K, 0% used [0x00000000d6100000,0x00000000d6100000,0x00000000d8100000)
  from space 5120K, 99% used [0x00000000d8100000,0x00000000d85ff8b8,0x00000000d8600000)
  to   space 5120K, 0% used [0x00000000d8600000,0x00000000d8600000,0x00000000d8b00000)
 ParOldGen       total 86016K, used 2634K [0x0000000082200000, 0x0000000087600000, 0x00000000d6100000)
  object space 86016K, 3% used [0x0000000082200000,0x0000000082492958,0x0000000087600000)
 Metaspace       used 9949K, capacity 10220K, committed 10496K, reserved 1058816K
  class space    used 1104K, capacity 1180K, committed 1280K, reserved 1048576K
}
Event: 2.627 GC heap before
{Heap before GC invocations=2 (full 0):
 PSYoungGen      total 37888K, used 37886K [0x00000000d6100000, 0x00000000d8b00000, 0x0000000100000000)
  eden space 32768K, 100% used [0x00000000d6100000,0x00000000d8100000,0x00000000d8100000)
  from space 5120K, 99% used [0x00000000d8100000,0x00000000d85ff8b8,0x00000000d8600000)
  to   space 5120K, 0% used [0x00000000d8600000,0x00000000d8600000,0x00000000d8b00000)
 ParOldGen       total 86016K, used 2634K [0x0000000082200000, 0x0000000087600000, 0x00000000d6100000)
  object space 86016K, 3% used [0x0000000082200000,0x0000000082492958,0x0000000087600000)
 Metaspace       used 15967K, capacity 16306K, committed 16640K, reserved 1064960K
  class space    used 1869K, capacity 1947K, committed 2048K, reserved 1048576K
Event: 2.640 GC heap after
Heap after GC invocations=2 (full 0):
 PSYoungGen      total 37888K, used 5088K [0x00000000d6100000, 0x00000000d8b00000, 0x0000000100000000)
  eden space 32768K, 0% used [0x00000000d6100000,0x00000000d6100000,0x00000000d8100000)
  from space 5120K, 99% used [0x00000000d8600000,0x00000000d8af8020,0x00000000d8b00000)
  to   space 5120K, 0% used [0x00000000d8100000,0x00000000d8100000,0x00000000d8600000)
 ParOldGen       total 86016K, used 7536K [0x0000000082200000, 0x0000000087600000, 0x00000000d6100000)
  object space 86016K, 8% used [0x0000000082200000,0x000000008295c340,0x0000000087600000)
 Metaspace       used 15967K, capacity 16306K, committed 16640K, reserved 1064960K
  class space    used 1869K, capacity 1947K, committed 2048K, reserved 1048576K
}
Event: 3.088 GC heap before
{Heap before GC invocations=3 (full 0):
 PSYoungGen      total 37888K, used 22223K [0x00000000d6100000, 0x00000000d8b00000, 0x0000000100000000)
  eden space 32768K, 52% used [0x00000000d6100000,0x00000000d71bbe40,0x00000000d8100000)
  from space 5120K, 99% used [0x00000000d8600000,0x00000000d8af8020,0x00000000d8b00000)
  to   space 5120K, 0% used [0x00000000d8100000,0x00000000d8100000,0x00000000d8600000)
 ParOldGen       total 86016K, used 7536K [0x0000000082200000, 0x0000000087600000, 0x00000000d6100000)
  object space 86016K, 8% used [0x0000000082200000,0x000000008295c340,0x0000000087600000)
 Metaspace       used 20766K, capacity 21154K, committed 21296K, reserved 1069056K
  class space    used 2463K, capacity 2629K, committed 2688K, reserved 1048576K
Event: 3.100 GC heap after
Heap after GC invocations=3 (full 0):
 PSYoungGen      total 37888K, used 5108K [0x00000000d6100000, 0x00000000d8b00000, 0x0000000100000000)
  eden space 32768K, 0% used [0x00000000d6100000,0x00000000d6100000,0x00000000d8100000)
  from space 5120K, 99% used [0x00000000d8100000,0x00000000d85fd030,0x00000000d8600000)
  to   space 5120K, 0% used [0x00000000d8600000,0x00000000d8600000,0x00000000d8b00000)
 ParOldGen       total 86016K, used 11409K [0x0000000082200000, 0x0000000087600000, 0x00000000d6100000)
  object space 86016K, 13% used [0x0000000082200000,0x0000000082d247d8,0x0000000087600000)
 Metaspace       used 20766K, capacity 21154K, committed 21296K, reserved 1069056K
  class space    used 2463K, capacity 2629K, committed 2688K, reserved 1048576K
}
Event: 3.100 GC heap before
{Heap before GC invocations=4 (full 1):
 PSYoungGen      total 37888K, used 5108K [0x00000000d6100000, 0x00000000d8b00000, 0x0000000100000000)
  eden space 32768K, 0% used [0x00000000d6100000,0x00000000d6100000,0x00000000d8100000)
  from space 5120K, 99% used [0x00000000d8100000,0x00000000d85fd030,0x00000000d8600000)
  to   space 5120K, 0% used [0x00000000d8600000,0x00000000d8600000,0x00000000d8b00000)
 ParOldGen       total 86016K, used 11409K [0x0000000082200000, 0x0000000087600000, 0x00000000d6100000)
  object space 86016K, 13% used [0x0000000082200000,0x0000000082d247d8,0x0000000087600000)
 Metaspace       used 20766K, capacity 21154K, committed 21296K, reserved 1069056K
  class space    used 2463K, capacity 2629K, committed 2688K, reserved 1048576K
Event: 3.156 GC heap after
Heap after GC invocations=4 (full 1):
 PSYoungGen      total 37888K, used 0K [0x00000000d6100000, 0x00000000d8b00000, 0x0000000100000000)
  eden space 32768K, 0% used [0x00000000d6100000,0x00000000d6100000,0x00000000d8100000)
  from space 5120K, 0% used [0x00000000d8100000,0x00000000d8100000,0x00000000d8600000)
  to   space 5120K, 0% used [0x00000000d8600000,0x00000000d8600000,0x00000000d8b00000)
 ParOldGen       total 65024K, used 8811K [0x0000000082200000, 0x0000000086180000, 0x00000000d6100000)
  object space 65024K, 13% used [0x0000000082200000,0x0000000082a9af80,0x0000000086180000)
 Metaspace       used 20766K, capacity 21154K, committed 21296K, reserved 1069056K
  class space    used 2463K, capacity 2629K, committed 2688K, reserved 1048576K
}
Event: 3.889 GC heap before
{Heap before GC invocations=5 (full 1):
 PSYoungGen      total 37888K, used 32768K [0x00000000d6100000, 0x00000000d8b00000, 0x0000000100000000)
  eden space 32768K, 100% used [0x00000000d6100000,0x00000000d8100000,0x00000000d8100000)
  from space 5120K, 0% used [0x00000000d8100000,0x00000000d8100000,0x00000000d8600000)
  to   space 5120K, 0% used [0x00000000d8600000,0x00000000d8600000,0x00000000d8b00000)
 ParOldGen       total 65024K, used 8811K [0x0000000082200000, 0x0000000086180000, 0x00000000d6100000)
  object space 65024K, 13% used [0x0000000082200000,0x0000000082a9af80,0x0000000086180000)
 Metaspace       used 24201K, capacity 24636K, committed 24960K, reserved 1071104K
  class space    used 2897K, capacity 3082K, committed 3200K, reserved 1048576K
Event: 3.900 GC heap after
Heap after GC invocations=5 (full 1):
 PSYoungGen      total 37888K, used 5107K [0x00000000d6100000, 0x00000000d8b00000, 0x0000000100000000)
  eden space 32768K, 0% used [0x00000000d6100000,0x00000000d6100000,0x00000000d8100000)
  from space 5120K, 99% used [0x00000000d8600000,0x00000000d8afcdc8,0x00000000d8b00000)
  to   space 5120K, 0% used [0x00000000d8100000,0x00000000d8100000,0x00000000d8600000)
 ParOldGen       total 65024K, used 11167K [0x0000000082200000, 0x0000000086180000, 0x00000000d6100000)
  object space 65024K, 17% used [0x0000000082200000,0x0000000082ce7e18,0x0000000086180000)
 Metaspace       used 24201K, capacity 24636K, committed 24960K, reserved 1071104K
  class space    used 2897K, capacity 3082K, committed 3200K, reserved 1048576K
}

Deoptimization events (10 events):
Event: 3.644 Thread 0x00000000023d6000 Uncommon trap: reason=class_check action=maybe_recompile pc=0x00000000029ddf88 method=gnu.trove.TObjectHash.equals(Ljava/lang/Object;Ljava/lang/Object;)Z @ 6
Event: 3.644 Thread 0x00000000023d6000 Uncommon trap: reason=class_check action=maybe_recompile pc=0x00000000029ddf88 method=gnu.trove.TObjectHash.equals(Ljava/lang/Object;Ljava/lang/Object;)Z @ 6
Event: 3.904 Thread 0x00000000023d6000 Uncommon trap: reason=unstable_if action=reinterpret pc=0x0000000002a1f9c8 method=org.jetbrains.kotlin.protobuf.CodedInputStream.readRawVarint32()I @ 10
Event: 3.997 Thread 0x00000000023d6000 Uncommon trap: reason=class_check action=maybe_recompile pc=0x00000000029ddf88 method=gnu.trove.TObjectHash.equals(Ljava/lang/Object;Ljava/lang/Object;)Z @ 6
Event: 4.010 Thread 0x00000000023d6000 Uncommon trap: reason=class_check action=maybe_recompile pc=0x0000000002a34e28 method=org.jetbrains.kotlin.protobuf.CodedInputStream.tryRefillBuffer(I)Z @ 177
Event: 4.014 Thread 0x00000000023d6000 Uncommon trap: reason=class_check action=maybe_recompile pc=0x0000000002a34e28 method=org.jetbrains.kotlin.protobuf.CodedInputStream.tryRefillBuffer(I)Z @ 177
Event: 4.018 Thread 0x00000000023d6000 Uncommon trap: reason=class_check action=maybe_recompile pc=0x0000000002a34e28 method=org.jetbrains.kotlin.protobuf.CodedInputStream.tryRefillBuffer(I)Z @ 177
Event: 4.021 Thread 0x00000000023d6000 Uncommon trap: reason=bimorphic action=maybe_recompile pc=0x00000000029f18e4 method=java.util.AbstractList$Itr.hasNext()Z @ 8
Event: 4.021 Thread 0x00000000023d6000 Uncommon trap: reason=bimorphic action=maybe_recompile pc=0x00000000029f18e4 method=java.util.AbstractList$Itr.hasNext()Z @ 8
Event: 4.021 Thread 0x00000000023d6000 Uncommon trap: reason=bimorphic action=maybe_recompile pc=0x00000000029ebee4 method=java.util.AbstractList$Itr.next()Ljava/lang/Object; @ 14

Classes redefined (0 events):
No events

Internal exceptions (10 events):
Event: 1.088 Thread 0x00000000023d6000 Exception <a 'java/security/PrivilegedActionException'> (0x00000000d6eddf68) thrown at [D:\src\AOSP-openjdk-cygwin\jdk8u\hotspot\src\share\vm\prims\jvm.cpp, line 1508]
Event: 1.088 Thread 0x00000000023d6000 Exception <a 'java/security/PrivilegedActionException'> (0x00000000d6ede360) thrown at [D:\src\AOSP-openjdk-cygwin\jdk8u\hotspot\src\share\vm\prims\jvm.cpp, line 1508]
Event: 1.517 Thread 0x00000000023d6000 Exception <a 'java/lang/ArrayIndexOutOfBoundsException'> (0x00000000d7bd4690) thrown at [D:\src\AOSP-openjdk-cygwin\jdk8u\hotspot\src\share\vm\runtime\sharedRuntime.cpp, line 605]
Event: 1.882 Thread 0x00000000023d6000 Exception <a 'java/lang/ArrayIndexOutOfBoundsException'> (0x00000000d6589198) thrown at [D:\src\AOSP-openjdk-cygwin\jdk8u\hotspot\src\share\vm\runtime\sharedRuntime.cpp, line 605]
Event: 2.551 Thread 0x00000000023d6000 Implicit null exception at 0x00000000027b162f to 0x00000000027b1699
Event: 2.652 Thread 0x00000000023d6000 Exception <a 'java/lang/NoSuchMethodError': java.lang.Object.lambda$comparing$77a9974f$1(Ljava/util/function/Function;Ljava/lang/Object;Ljava/lang/Object;)I> (0x00000000d614c8a8) thrown at [D:\src\AOSP-openjdk-cygwin\jdk8u\hotspot\src\share\vm\interpreter
Event: 2.679 Thread 0x00000000023d6000 Exception <a 'java/lang/NoSuchMethodError': java.lang.Object.lambda$static$0()J> (0x00000000d627b858) thrown at [D:\src\AOSP-openjdk-cygwin\jdk8u\hotspot\src\share\vm\interpreter\linkResolver.cpp, line 620]
Event: 2.908 Thread 0x00000000023d6000 Exception <a 'java/lang/NoSuchMethodError': java.lang.Object.lambda$static$0(I)[Lorg/jetbrains/kotlin/com/intellij/openapi/editor/event/DocumentListener;> (0x00000000d69b9b88) thrown at [D:\src\AOSP-openjdk-cygwin\jdk8u\hotspot\src\share\vm\interpreter\li
Event: 2.951 Thread 0x00000000023d6000 Exception <a 'java/lang/NoSuchMethodError': java.lang.Object.lambda$static$0(I)[Lorg/jetbrains/kotlin/com/intellij/psi/PsiAnnotation;> (0x00000000d6bbb900) thrown at [D:\src\AOSP-openjdk-cygwin\jdk8u\hotspot\src\share\vm\interpreter\linkResolver.cpp, line
Event: 3.065 Thread 0x00000000023d6000 Exception <a 'java/lang/NoSuchMethodError': java.lang.Object.lambda$static$0(I)[Lorg/jetbrains/kotlin/com/intellij/psi/PsiElement;> (0x00000000d70ed370) thrown at [D:\src\AOSP-openjdk-cygwin\jdk8u\hotspot\src\share\vm\interpreter\linkResolver.cpp, line 62

Events (10 events):
Event: 4.021 Thread 0x00000000023d6000 DEOPT PACKING pc=0x00000000029f18e4 sp=0x00000000023ce530
Event: 4.021 Thread 0x00000000023d6000 DEOPT UNPACKING pc=0x000000000251557b sp=0x00000000023ce4d0 mode 2
Event: 4.021 Thread 0x00000000023d6000 Uncommon trap: trap_request=0xffffffc6 fr.pc=0x00000000029f18e4
Event: 4.021 Thread 0x00000000023d6000 DEOPT PACKING pc=0x00000000029f18e4 sp=0x00000000023ce530
Event: 4.021 Thread 0x00000000023d6000 DEOPT UNPACKING pc=0x000000000251557b sp=0x00000000023ce4d0 mode 2
Event: 4.021 Thread 0x00000000023d6000 Uncommon trap: trap_request=0xffffffc6 fr.pc=0x00000000029ebee4
Event: 4.021 Thread 0x00000000023d6000 DEOPT PACKING pc=0x00000000029ebee4 sp=0x00000000023ce4d0
Event: 4.021 Thread 0x00000000023d6000 DEOPT UNPACKING pc=0x000000000251557b sp=0x00000000023ce470 mode 2
Event: 4.022 loading class org/jetbrains/kotlin/metadata/jvm/deserialization/ModuleMappingKt
Event: 4.022 loading class org/jetbrains/kotlin/metadata/jvm/deserialization/ModuleMappingKt done


Dynamic libraries:
0x00007ff6edb00000 - 0x00007ff6edb31000 	C:\Program Files\Android\Android Studio\jre\jre\bin\java.exe
0x00007fff08320000 - 0x00007fff08510000 	C:\WINDOWS\SYSTEM32\ntdll.dll
0x00007fff074c0000 - 0x00007fff07572000 	C:\WINDOWS\System32\KERNEL32.DLL
0x00007fff05e50000 - 0x00007fff060f4000 	C:\WINDOWS\System32\KERNELBASE.dll
0x00007fff06d50000 - 0x00007fff06df3000 	C:\WINDOWS\System32\ADVAPI32.dll
0x00007fff07f00000 - 0x00007fff07f9e000 	C:\WINDOWS\System32\msvcrt.dll
0x00007fff07e60000 - 0x00007fff07ef7000 	C:\WINDOWS\System32\sechost.dll
0x00007fff07220000 - 0x00007fff07340000 	C:\WINDOWS\System32\RPCRT4.dll
0x00007fff06e00000 - 0x00007fff06f94000 	C:\WINDOWS\System32\USER32.dll
0x00007fff054c0000 - 0x00007fff054e1000 	C:\WINDOWS\System32\win32u.dll
0x00007fff07e30000 - 0x00007fff07e56000 	C:\WINDOWS\System32\GDI32.dll
0x00007fff05cb0000 - 0x00007fff05e46000 	C:\WINDOWS\System32\gdi32full.dll
0x00007fff062b0000 - 0x00007fff0634e000 	C:\WINDOWS\System32\msvcp_win.dll
0x00007fff061b0000 - 0x00007fff062aa000 	C:\WINDOWS\System32\ucrtbase.dll
0x00007ffee8a60000 - 0x00007ffee8ce4000 	C:\WINDOWS\WinSxS\amd64_microsoft.windows.common-controls_6595b64144ccf1df_6.0.18362.959_none_e6c7bbbf130c62bb\COMCTL32.dll
0x00007fff07fa0000 - 0x00007fff082d5000 	C:\WINDOWS\System32\combase.dll
0x00007fff06350000 - 0x00007fff063d0000 	C:\WINDOWS\System32\bcryptPrimitives.dll
0x00007fff07420000 - 0x00007fff0744e000 	C:\WINDOWS\System32\IMM32.DLL
0x000000006e240000 - 0x000000006e312000 	C:\Program Files\Android\Android Studio\jre\jre\bin\msvcr100.dll
0x000000006d310000 - 0x000000006db56000 	C:\Program Files\Android\Android Studio\jre\jre\bin\server\jvm.dll
0x00007fff07140000 - 0x00007fff07148000 	C:\WINDOWS\System32\PSAPI.DLL
0x00007ffef3100000 - 0x00007ffef3109000 	C:\WINDOWS\SYSTEM32\WSOCK32.dll
0x00007fff071b0000 - 0x00007fff0721f000 	C:\WINDOWS\System32\WS2_32.dll
0x00007fff011f0000 - 0x00007fff01214000 	C:\WINDOWS\SYSTEM32\WINMM.dll
0x00007fff03070000 - 0x00007fff0307a000 	C:\WINDOWS\SYSTEM32\VERSION.dll
0x00007fff011c0000 - 0x00007fff011ed000 	C:\WINDOWS\SYSTEM32\WINMMBASE.dll
0x00007fff05470000 - 0x00007fff054ba000 	C:\WINDOWS\System32\cfgmgr32.dll
0x00007ffeffa80000 - 0x00007ffeffa8f000 	C:\Program Files\Android\Android Studio\jre\jre\bin\verify.dll
0x00007ffef4190000 - 0x00007ffef41b9000 	C:\Program Files\Android\Android Studio\jre\jre\bin\java.dll
0x00007ffefd7f0000 - 0x00007ffefd806000 	C:\Program Files\Android\Android Studio\jre\jre\bin\zip.dll
0x00007fff07710000 - 0x00007fff07df6000 	C:\WINDOWS\System32\SHELL32.dll
0x00007fff06580000 - 0x00007fff06629000 	C:\WINDOWS\System32\shcore.dll
0x00007fff054f0000 - 0x00007fff05c72000 	C:\WINDOWS\System32\windows.storage.dll
0x00007fff05200000 - 0x00007fff05223000 	C:\WINDOWS\System32\profapi.dll
0x00007fff05250000 - 0x00007fff0529a000 	C:\WINDOWS\System32\powrprof.dll
0x00007fff051d0000 - 0x00007fff051e0000 	C:\WINDOWS\System32\UMPDC.dll
0x00007fff070e0000 - 0x00007fff07132000 	C:\WINDOWS\System32\shlwapi.dll
0x00007fff05230000 - 0x00007fff05241000 	C:\WINDOWS\System32\kernel.appcore.dll
0x00007fff05450000 - 0x00007fff05467000 	C:\WINDOWS\System32\cryptsp.dll
0x00007ffefd1b0000 - 0x00007ffefd1ca000 	C:\Program Files\Android\Android Studio\jre\jre\bin\net.dll
0x00007fff049e0000 - 0x00007fff04a47000 	C:\WINDOWS\system32\mswsock.dll
0x00007ffef3ec0000 - 0x00007ffef3ed1000 	C:\Program Files\Android\Android Studio\jre\jre\bin\nio.dll

VM Arguments:
java_command: org.jetbrains.kotlin.cli.jvm.K2JVMCompiler -Xallow-no-source-files -classpath C:\Users\Bohdan\.gradle\caches\modules-2\files-2.1\org.jetbrains.kotlin\kotlin-android-extensions-runtime\1.3.61\289bdf25b4886749e040c7a7d3aab8a57f85c631\kotlin-android-extensions-runtime-1.3.61.jar;C:\Users\Bohdan\.gradle\caches\modules-2\files-2.1\org.jetbrains.kotlin\kotlin-stdlib-jdk7\1.3.61\70dffc5f8ac5ea7c34f30deac5b9d8b1d48af066\kotlin-stdlib-jdk7-1.3.61.jar;C:\Users\Bohdan\.gradle\caches\transforms-2\files-2.1\4721177a09ff5d0463aebe484626c261\core-ktx-1.3.2-api.jar;C:\Users\Bohdan\.gradle\caches\modules-2\files-2.1\org.jetbrains.kotlin\kotlin-stdlib\1.3.71\898273189ad22779da6bed88ded39b14cb5fd432\kotlin-stdlib-1.3.71.jar;C:\Users\Bohdan\.gradle\caches\modules-2\files-2.1\org.jetbrains.kotlin\kotlin-stdlib-common\1.3.71\e71c3fef58e26affeb03d675e91fd8abdd44aa7b\kotlin-stdlib-common-1.3.71.jar;C:\Users\Bohdan\.gradle\caches\modules-2\files-2.1\org.jetbrains\annotations\13.0\919f0dfe192fb4e063e7dacadee7f8bb9a2672a9\annotations-13.0.jar;C:\Users\Bohdan\.gradle\caches\transforms-2\files-2.1\ac96cc72f4d686b8c14b2f89ba523315\constraintlayout-2.0.2-api.jar;C:\Users\Bohdan\.gradle\caches\transforms-2\files-2.1\8b755b70471c0d70e9000f63ac9c6171\appcompat-1.2.0-api.jar;C:\Users\Bohdan\.gradle\caches\transforms-2\files-2.1\89b0db50b833061760b544b40aaecc2a\jetified-firebase-database-16.0.4-api.jar;C:\Users\Bohdan\.gradle\caches\transforms-2\files-2.1\419e7bcb5ec61e8e327f0f27c5d21fa2\jetified-firebase-auth-16.0.5-api.jar;C:\Users\Bohdan\.gradle\caches\transforms-2\files-2.1\108c22174618d805421c30ab91a9a91c\play-services-flags-16.0.1-api.jar;C:\Users\Bohdan\.gradle\caches\transforms-2\files-2.1\e7cd12e69d9ab318cd29fa6d168f9bc4\jetified-firebase-auth-interop-16.0.1-api.jar;C:\Users\Bohdan\.gradle\caches\transforms-2\files-2.1\9f59a540bc4bc0383bcb8ab83f44e834\jetified-play-services-base-16.0.1-api.jar;C:\Users\Bohdan\.gradle\caches\transforms-2\files-2.1\ae8eed18936633d4bc341acfebbb01
java_class_path (initial): C:\Users\Bohdan\.gradle\caches\modules-2\files-2.1\org.jetbrains.kotlin\kotlin-compiler-embeddable\1.3.61\c35c0833d5a1e3d229359758482c480306724618\kotlin-compiler-embeddable-1.3.61.jar;C:\Users\Bohdan\.gradle\caches\modules-2\files-2.1\org.jetbrains.kotlin\kotlin-reflect\1.3.61\2e07c9a84c9e118efb70eede7e579fd663932122\kotlin-reflect-1.3.61.jar;C:\Users\Bohdan\.gradle\caches\modules-2\files-2.1\org.jetbrains.kotlin\kotlin-stdlib\1.3.61\4702105e97f7396ae41b113fdbdc180ec1eb1e36\kotlin-stdlib-1.3.61.jar;C:\Users\Bohdan\.gradle\caches\modules-2\files-2.1\org.jetbrains.kotlin\kotlin-script-runtime\1.3.61\e5feb39c8de63dcbdc1154b34ca4413874231605\kotlin-script-runtime-1.3.61.jar;C:\Users\Bohdan\.gradle\caches\modules-2\files-2.1\org.jetbrains.kotlin\kotlin-daemon-embeddable\1.3.61\4de83e41a92c8395d89ab2e81d26b788ba163824\kotlin-daemon-embeddable-1.3.61.jar;C:\Users\Bohdan\.gradle\caches\modules-2\files-2.1\org.jetbrains.intellij.deps\trove4j\1.0.20181211\216c2e14b070f334479d800987affe4054cd563f\trove4j-1.0.20181211.jar;C:\Users\Bohdan\.gradle\caches\modules-2\files-2.1\org.jetbrains.kotlin\kotlin-stdlib-common\1.3.61\65abb71d5afb850b68be03987b08e2c864ca3110\kotlin-stdlib-common-1.3.61.jar;C:\Users\Bohdan\.gradle\caches\modules-2\files-2.1\org.jetbrains\annotations\13.0\919f0dfe192fb4e063e7dacadee7f8bb9a2672a9\annotations-13.0.jar;C:\Program Files\Android\Android Studio\jre\lib\tools.jar
Launcher Type: SUN_STANDARD

Environment Variables:
PATH=C:\Program Files (x86)\Common Files\Oracle\Java\javapath;C:\ProgramData\Oracle\Java\javapath;C:\Program Files (x86)\Common Files\Intel\Shared Libraries\redist\intel64\compiler;C:\Program Files (x86)\Common Files\Intel\Shared Libraries\redist\ia32\compiler;C:\WINDOWS\system32;C:\WINDOWS;C:\WINDOWS\System32\Wbem;C:\WINDOWS\System32\WindowsPowerShell\v1.0\;C:\WINDOWS\System32\OpenSSH\;C:\Program Files (x86)\NVIDIA Corporation\PhysX\Common;C:\Program Files (x86)\GitExtensions\;C:\Program Files\NVIDIA Corporation\NVIDIA NvDLISR;C:\Users\Bohdan\AppData\Local\Microsoft\WindowsApps
USERNAME=Bohdan
OS=Windows_NT
PROCESSOR_IDENTIFIER=Intel64 Family 6 Model 78 Stepping 3, GenuineIntel



---------------  S Y S T E M  ---------------

OS: Windows 10.0 , 64 bit Build 18362 (10.0.18362.959)

CPU:total 4 (initial active 4) (2 cores per cpu, 2 threads per core) family 6 model 78 stepping 3, cmov, cx8, fxsr, mmx, sse, sse2, sse3, ssse3, sse4.1, sse4.2, popcnt, avx, avx2, aes, clmul, erms, 3dnowpref, lzcnt, ht, tsc, tscinvbit, bmi1, bmi2, adx

Memory: 4k page, physical 8246408k(1571596k free), swap 11842736k(5124k free)

vm_info: OpenJDK 64-Bit Server VM (25.202-b03) for windows-amd64 JRE (1.8.0_202-release-1483-b03), built by "builder" with MS VC++ 10.0 (VS2010)

time: Mon Oct 26 16:21:00 2020
timezone: Central European Standard Time
elapsed time: 4 seconds (0d 0h 0m 4s)

