#
# There is insufficient memory for the Java Runtime Environment to continue.
# Native memory allocation (malloc) failed to allocate 32744 bytes for ChunkPool::allocate
# Possible reasons:
#   The system is out of physical RAM or swap space
#   The process is running with CompressedOops enabled, and the Java Heap may be blocking the growth of the native heap
# Possible solutions:
#   Reduce memory load on the system
#   Increase physical memory or swap space
#   Check if swap backing store is full
#   Decrease Java heap size (-Xmx/-Xms)
#   Decrease number of Java threads
#   Decrease Java thread stack sizes (-Xss)
#   Set larger code cache with -XX:ReservedCodeCacheSize=
#   JVM is running with Unscaled Compressed Oops mode in which the Java heap is
#     placed in the first 4GB address space. The Java Heap base address is the
#     maximum limit for the native heap growth. Please use -XX:HeapBaseMinAddress
#     to set the Java Heap base and to place the Java Heap above 4GB virtual address.
# This output file may be truncated or incomplete.
#
#  Out of Memory Error (allocation.cpp:272), pid=6772, tid=0x0000000000000254
#
# JRE version: OpenJDK Runtime Environment (8.0_202-b03) (build 1.8.0_202-release-1483-b03)
# Java VM: OpenJDK 64-Bit Server VM (25.202-b03 mixed mode windows-amd64 compressed oops)
# Failed to write core dump. Minidumps are not enabled by default on client versions of Windows
#

---------------  T H R E A D  ---------------

Current thread (0x0000000017dc2000):  JavaThread "C2 CompilerThread1" daemon [_thread_in_native, id=596, stack(0x0000000019520000,0x0000000019620000)]

Stack: [0x0000000019520000,0x0000000019620000]
[error occurred during error reporting (printing stack bounds), id 0xc0000005]

Native frames: (J=compiled Java code, j=interpreted, Vv=VM code, C=native code)


Current CompileTask:
C2:   3005 1528       4       java.net.URLClassLoader$1::run (5 bytes)


---------------  P R O C E S S  ---------------

Java Threads: ( => current thread )
  0x0000000019753000 JavaThread "Service Thread" daemon [_thread_blocked, id=828, stack(0x0000000019b20000,0x0000000019c20000)]
  0x0000000017db2800 JavaThread "C1 CompilerThread2" daemon [_thread_blocked, id=14084, stack(0x0000000019620000,0x0000000019720000)]
=>0x0000000017dc2000 JavaThread "C2 CompilerThread1" daemon [_thread_in_native, id=596, stack(0x0000000019520000,0x0000000019620000)]
  0x0000000017dbd800 JavaThread "C2 CompilerThread0" daemon [_thread_in_native, id=2004, stack(0x0000000019420000,0x0000000019520000)]
  0x0000000017dbc800 JavaThread "Attach Listener" daemon [_thread_blocked, id=12976, stack(0x0000000019320000,0x0000000019420000)]
  0x0000000017dbb000 JavaThread "Signal Dispatcher" daemon [_thread_blocked, id=1016, stack(0x0000000019220000,0x0000000019320000)]
  0x00000000032db800 JavaThread "Finalizer" daemon [_thread_blocked, id=9120, stack(0x0000000019020000,0x0000000019120000)]
  0x0000000017d99000 JavaThread "Reference Handler" daemon [_thread_blocked, id=2100, stack(0x0000000018f20000,0x0000000019020000)]
  0x00000000031e6000 JavaThread "main" [_thread_in_native, id=17848, stack(0x0000000003020000,0x0000000003120000)]

Other Threads:
  0x0000000017d76800 VMThread [stack: 0x0000000018e20000,0x0000000018f20000] [id=11976]
  0x0000000019754800 WatcherThread [stack: 0x0000000019c20000,0x0000000019d20000] [id=2664]

VM state:not at safepoint (normal execution)

VM Mutex/Monitor currently owned by a thread: None

heap address: 0x0000000082200000, size: 2014 MB, Compressed Oops mode: 32-bit
Narrow klass base: 0x0000000000000000, Narrow klass shift: 3
Compressed class space size: 1073741824 Address: 0x0000000100000000

Heap:
 PSYoungGen      total 37888K, used 15871K [0x00000000d6100000, 0x00000000d8b00000, 0x0000000100000000)
  eden space 32768K, 48% used [0x00000000d6100000,0x00000000d707ff60,0x00000000d8100000)
  from space 5120K, 0% used [0x00000000d8100000,0x00000000d8100000,0x00000000d8600000)
  to   space 5120K, 0% used [0x00000000d8600000,0x00000000d8600000,0x00000000d8b00000)
 ParOldGen       total 60928K, used 5790K [0x0000000082200000, 0x0000000085d80000, 0x00000000d6100000)
  object space 60928K, 9% used [0x0000000082200000,0x00000000827a7900,0x0000000085d80000)
 Metaspace       used 21590K, capacity 22026K, committed 22272K, reserved 1069056K
  class space    used 2586K, capacity 2729K, committed 2816K, reserved 1048576K

Card table byte_map: [0x00000000126a0000,0x0000000012a90000] byte_map_base: 0x000000001228f000

Marking Bits: (ParMarkBitMap*) 0x000000006dad9f30
 Begin Bits: [0x0000000013130000, 0x00000000150a8000)
 End Bits:   [0x00000000150a8000, 0x0000000017020000)

Polling page: 0x0000000002e40000

CodeCache: size=245760Kb used=5038Kb max_used=5038Kb free=240721Kb
 bounds [0x00000000032e0000, 0x00000000037d0000, 0x00000000122e0000]
 total_blobs=1961 nmethods=1550 adapters=324
 compilation: enabled

Compilation events (10 events):
Event: 2.997 Thread 0x0000000017db2800 nmethod 1542 0x00000000037c9f50 code [0x00000000037ca0a0, 0x00000000037ca1b0]
Event: 2.998 Thread 0x0000000017db2800 1543       3       org.jetbrains.kotlin.com.intellij.openapi.vfs.impl.ZipEntryMap::isTheOne (139 bytes)
Event: 2.999 Thread 0x0000000017db2800 nmethod 1543 0x00000000037ca210 code [0x00000000037ca420, 0x00000000037cadc8]
Event: 2.999 Thread 0x0000000017db2800 1544       3       org.jetbrains.kotlin.com.intellij.openapi.vfs.impl.ZipEntryMap::get (6 bytes)
Event: 3.000 Thread 0x0000000017db2800 nmethod 1544 0x00000000037cb0d0 code [0x00000000037cb240, 0x00000000037cb3e8]
Event: 3.000 Thread 0x0000000017db2800 1545       3       java.util.zip.ZipFile::access$200 (5 bytes)
Event: 3.000 Thread 0x0000000017db2800 nmethod 1545 0x00000000037cb490 code [0x00000000037cb600, 0x00000000037cb768]
Event: 3.000 Thread 0x0000000017db2800 1546       1       java.util.zip.ZipEntry::getName (5 bytes)
Event: 3.000 Thread 0x0000000017db2800 nmethod 1546 0x00000000037cb810 code [0x00000000037cb960, 0x00000000037cba70]
Event: 3.001 Thread 0x0000000017db2800 1547       3       org.jetbrains.kotlin.com.intellij.openapi.util.Condition$1::value (10 bytes)

GC Heap History (8 events):
Event: 1.089 GC heap before
{Heap before GC invocations=1 (full 0):
 PSYoungGen      total 37888K, used 32768K [0x00000000d6100000, 0x00000000d8b00000, 0x0000000100000000)
  eden space 32768K, 100% used [0x00000000d6100000,0x00000000d8100000,0x00000000d8100000)
  from space 5120K, 0% used [0x00000000d8600000,0x00000000d8600000,0x00000000d8b00000)
  to   space 5120K, 0% used [0x00000000d8100000,0x00000000d8100000,0x00000000d8600000)
 ParOldGen       total 86016K, used 0K [0x0000000082200000, 0x0000000087600000, 0x00000000d6100000)
  object space 86016K, 0% used [0x0000000082200000,0x0000000082200000,0x0000000087600000)
 Metaspace       used 9942K, capacity 10220K, committed 10496K, reserved 1058816K
  class space    used 1104K, capacity 1180K, committed 1280K, reserved 1048576K
Event: 1.099 GC heap after
Heap after GC invocations=1 (full 0):
 PSYoungGen      total 37888K, used 5097K [0x00000000d6100000, 0x00000000d8b00000, 0x0000000100000000)
  eden space 32768K, 0% used [0x00000000d6100000,0x00000000d6100000,0x00000000d8100000)
  from space 5120K, 99% used [0x00000000d8100000,0x00000000d85fa498,0x00000000d8600000)
  to   space 5120K, 0% used [0x00000000d8600000,0x00000000d8600000,0x00000000d8b00000)
 ParOldGen       total 86016K, used 2678K [0x0000000082200000, 0x0000000087600000, 0x00000000d6100000)
  object space 86016K, 3% used [0x0000000082200000,0x000000008249db38,0x0000000087600000)
 Metaspace       used 9942K, capacity 10220K, committed 10496K, reserved 1058816K
  class space    used 1104K, capacity 1180K, committed 1280K, reserved 1048576K
}
Event: 1.914 GC heap before
{Heap before GC invocations=2 (full 0):
 PSYoungGen      total 37888K, used 37865K [0x00000000d6100000, 0x00000000d8b00000, 0x0000000100000000)
  eden space 32768K, 100% used [0x00000000d6100000,0x00000000d8100000,0x00000000d8100000)
  from space 5120K, 99% used [0x00000000d8100000,0x00000000d85fa498,0x00000000d8600000)
  to   space 5120K, 0% used [0x00000000d8600000,0x00000000d8600000,0x00000000d8b00000)
 ParOldGen       total 86016K, used 2678K [0x0000000082200000, 0x0000000087600000, 0x00000000d6100000)
  object space 86016K, 3% used [0x0000000082200000,0x000000008249db38,0x0000000087600000)
 Metaspace       used 15922K, capacity 16238K, committed 16384K, reserved 1062912K
  class space    used 1868K, capacity 1947K, committed 2048K, reserved 1048576K
Event: 1.928 GC heap after
Heap after GC invocations=2 (full 0):
 PSYoungGen      total 37888K, used 5106K [0x00000000d6100000, 0x00000000d8b00000, 0x0000000100000000)
  eden space 32768K, 0% used [0x00000000d6100000,0x00000000d6100000,0x00000000d8100000)
  from space 5120K, 99% used [0x00000000d8600000,0x00000000d8afcbe0,0x00000000d8b00000)
  to   space 5120K, 0% used [0x00000000d8100000,0x00000000d8100000,0x00000000d8600000)
 ParOldGen       total 86016K, used 7557K [0x0000000082200000, 0x0000000087600000, 0x00000000d6100000)
  object space 86016K, 8% used [0x0000000082200000,0x0000000082961658,0x0000000087600000)
 Metaspace       used 15922K, capacity 16238K, committed 16384K, reserved 1062912K
  class space    used 1868K, capacity 1947K, committed 2048K, reserved 1048576K
}
Event: 2.045 GC heap before
{Heap before GC invocations=3 (full 0):
 PSYoungGen      total 37888K, used 9641K [0x00000000d6100000, 0x00000000d8b00000, 0x0000000100000000)
  eden space 32768K, 13% used [0x00000000d6100000,0x00000000d656db10,0x00000000d8100000)
  from space 5120K, 99% used [0x00000000d8600000,0x00000000d8afcbe0,0x00000000d8b00000)
  to   space 5120K, 0% used [0x00000000d8100000,0x00000000d8100000,0x00000000d8600000)
 ParOldGen       total 86016K, used 7557K [0x0000000082200000, 0x0000000087600000, 0x00000000d6100000)
  object space 86016K, 8% used [0x0000000082200000,0x0000000082961658,0x0000000087600000)
 Metaspace       used 17334K, capacity 17686K, committed 17792K, reserved 1069056K
  class space    used 2033K, capacity 2153K, committed 2176K, reserved 1048576K
Event: 2.054 GC heap after
Heap after GC invocations=3 (full 0):
 PSYoungGen      total 37888K, used 5106K [0x00000000d6100000, 0x00000000d8b00000, 0x0000000100000000)
  eden space 32768K, 0% used [0x00000000d6100000,0x00000000d6100000,0x00000000d8100000)
  from space 5120K, 99% used [0x00000000d8100000,0x00000000d85fcbd0,0x00000000d8600000)
  to   space 5120K, 0% used [0x00000000d8600000,0x00000000d8600000,0x00000000d8b00000)
 ParOldGen       total 86016K, used 8304K [0x0000000082200000, 0x0000000087600000, 0x00000000d6100000)
  object space 86016K, 9% used [0x0000000082200000,0x0000000082a1c3d0,0x0000000087600000)
 Metaspace       used 17334K, capacity 17686K, committed 17792K, reserved 1069056K
  class space    used 2033K, capacity 2153K, committed 2176K, reserved 1048576K
}
Event: 2.054 GC heap before
{Heap before GC invocations=4 (full 1):
 PSYoungGen      total 37888K, used 5106K [0x00000000d6100000, 0x00000000d8b00000, 0x0000000100000000)
  eden space 32768K, 0% used [0x00000000d6100000,0x00000000d6100000,0x00000000d8100000)
  from space 5120K, 99% used [0x00000000d8100000,0x00000000d85fcbd0,0x00000000d8600000)
  to   space 5120K, 0% used [0x00000000d8600000,0x00000000d8600000,0x00000000d8b00000)
 ParOldGen       total 86016K, used 8304K [0x0000000082200000, 0x0000000087600000, 0x00000000d6100000)
  object space 86016K, 9% used [0x0000000082200000,0x0000000082a1c3d0,0x0000000087600000)
 Metaspace       used 17334K, capacity 17686K, committed 17792K, reserved 1069056K
  class space    used 2033K, capacity 2153K, committed 2176K, reserved 1048576K
Event: 2.117 GC heap after
Heap after GC invocations=4 (full 1):
 PSYoungGen      total 37888K, used 0K [0x00000000d6100000, 0x00000000d8b00000, 0x0000000100000000)
  eden space 32768K, 0% used [0x00000000d6100000,0x00000000d6100000,0x00000000d8100000)
  from space 5120K, 0% used [0x00000000d8100000,0x00000000d8100000,0x00000000d8600000)
  to   space 5120K, 0% used [0x00000000d8600000,0x00000000d8600000,0x00000000d8b00000)
 ParOldGen       total 60928K, used 5790K [0x0000000082200000, 0x0000000085d80000, 0x00000000d6100000)
  object space 60928K, 9% used [0x0000000082200000,0x00000000827a7900,0x0000000085d80000)
 Metaspace       used 17334K, capacity 17686K, committed 17792K, reserved 1067008K
  class space    used 2033K, capacity 2153K, committed 2176K, reserved 1048576K
}

Deoptimization events (10 events):
Event: 1.941 Thread 0x00000000031e6000 Uncommon trap: reason=class_check action=maybe_recompile pc=0x000000000365dc80 method=java.util.Collections$UnmodifiableCollection.size()I @ 4
Event: 1.943 Thread 0x00000000031e6000 Uncommon trap: reason=class_check action=maybe_recompile pc=0x000000000365dc80 method=java.util.Collections$UnmodifiableCollection.size()I @ 4
Event: 2.539 Thread 0x00000000031e6000 Uncommon trap: reason=class_check action=maybe_recompile pc=0x000000000365dc80 method=java.util.Collections$UnmodifiableCollection.size()I @ 4
Event: 2.539 Thread 0x00000000031e6000 Uncommon trap: reason=class_check action=maybe_recompile pc=0x000000000365eeac method=java.util.Collections$UnmodifiableList.get(I)Ljava/lang/Object; @ 5
Event: 2.539 Thread 0x00000000031e6000 Uncommon trap: reason=class_check action=maybe_recompile pc=0x000000000365eeac method=java.util.Collections$UnmodifiableList.get(I)Ljava/lang/Object; @ 5
Event: 2.543 Thread 0x00000000031e6000 Uncommon trap: reason=class_check action=maybe_recompile pc=0x000000000365dc80 method=java.util.Collections$UnmodifiableCollection.size()I @ 4
Event: 2.543 Thread 0x00000000031e6000 Uncommon trap: reason=class_check action=maybe_recompile pc=0x000000000365eeac method=java.util.Collections$UnmodifiableList.get(I)Ljava/lang/Object; @ 5
Event: 2.543 Thread 0x00000000031e6000 Uncommon trap: reason=class_check action=maybe_recompile pc=0x000000000365eeac method=java.util.Collections$UnmodifiableList.get(I)Ljava/lang/Object; @ 5
Event: 2.546 Thread 0x00000000031e6000 Uncommon trap: reason=unstable_if action=reinterpret pc=0x00000000036b2230 method=java.lang.String.startsWith(Ljava/lang/String;I)Z @ 25
Event: 2.546 Thread 0x00000000031e6000 Uncommon trap: reason=unstable_if action=reinterpret pc=0x0000000003495688 method=java.lang.String.startsWith(Ljava/lang/String;I)Z @ 25

Classes redefined (0 events):
No events

Internal exceptions (10 events):
Event: 0.661 Thread 0x00000000031e6000 Exception <a 'java/security/PrivilegedActionException'> (0x00000000d6ed99c0) thrown at [D:\src\AOSP-openjdk-cygwin\jdk8u\hotspot\src\share\vm\prims\jvm.cpp, line 1508]
Event: 0.661 Thread 0x00000000031e6000 Exception <a 'java/security/PrivilegedActionException'> (0x00000000d6ed9db8) thrown at [D:\src\AOSP-openjdk-cygwin\jdk8u\hotspot\src\share\vm\prims\jvm.cpp, line 1508]
Event: 0.974 Thread 0x00000000031e6000 Exception <a 'java/lang/ArrayIndexOutOfBoundsException'> (0x00000000d7bced30) thrown at [D:\src\AOSP-openjdk-cygwin\jdk8u\hotspot\src\share\vm\runtime\sharedRuntime.cpp, line 605]
Event: 1.236 Thread 0x00000000031e6000 Exception <a 'java/lang/ArrayIndexOutOfBoundsException'> (0x00000000d65850e8) thrown at [D:\src\AOSP-openjdk-cygwin\jdk8u\hotspot\src\share\vm\runtime\sharedRuntime.cpp, line 605]
Event: 1.840 Thread 0x00000000031e6000 Implicit null exception at 0x0000000003536aaf to 0x0000000003536b19
Event: 1.942 Thread 0x00000000031e6000 Exception <a 'java/lang/NoSuchMethodError': java.lang.Object.lambda$comparing$77a9974f$1(Ljava/util/function/Function;Ljava/lang/Object;Ljava/lang/Object;)I> (0x00000000d6152328) thrown at [D:\src\AOSP-openjdk-cygwin\jdk8u\hotspot\src\share\vm\interpreter
Event: 1.968 Thread 0x00000000031e6000 Exception <a 'java/lang/NoSuchMethodError': java.lang.Object.lambda$static$0()J> (0x00000000d624adc8) thrown at [D:\src\AOSP-openjdk-cygwin\jdk8u\hotspot\src\share\vm\interpreter\linkResolver.cpp, line 620]
Event: 2.379 Thread 0x00000000031e6000 Exception <a 'java/lang/NoSuchMethodError': java.lang.Object.lambda$static$0(I)[Lorg/jetbrains/kotlin/com/intellij/openapi/editor/event/DocumentListener;> (0x00000000d65eb888) thrown at [D:\src\AOSP-openjdk-cygwin\jdk8u\hotspot\src\share\vm\interpreter\li
Event: 2.513 Thread 0x00000000031e6000 Exception <a 'java/lang/NoSuchMethodError': java.lang.Object.lambda$static$0(I)[Lorg/jetbrains/kotlin/com/intellij/psi/PsiAnnotation;> (0x00000000d67edea8) thrown at [D:\src\AOSP-openjdk-cygwin\jdk8u\hotspot\src\share\vm\interpreter\linkResolver.cpp, line
Event: 2.715 Thread 0x00000000031e6000 Exception <a 'java/lang/NoSuchMethodError': java.lang.Object.lambda$static$0(I)[Lorg/jetbrains/kotlin/com/intellij/psi/PsiElement;> (0x00000000d6d20088) thrown at [D:\src\AOSP-openjdk-cygwin\jdk8u\hotspot\src\share\vm\interpreter\linkResolver.cpp, line 62

Events (10 events):
Event: 2.968 loading class org/jetbrains/kotlin/com/intellij/util/Function
Event: 2.968 loading class org/jetbrains/kotlin/com/intellij/util/Function done
Event: 2.968 loading class gnu/trove/THashMap$EntryView$EntryIterator
Event: 2.968 loading class gnu/trove/THashMap$EntryView$EntryIterator done
Event: 2.969 loading class gnu/trove/THashMap$Entry
Event: 2.969 loading class gnu/trove/THashMap$Entry done
Event: 2.971 loading class java/util/AbstractMap$SimpleEntry
Event: 2.971 loading class java/util/AbstractMap$SimpleEntry done
Event: 2.980 loading class java/util/zip/ZipUtils
Event: 2.980 loading class java/util/zip/ZipUtils done


Dynamic libraries:
0x00007ff6edb00000 - 0x00007ff6edb31000 	C:\Program Files\Android\Android Studio\jre\jre\bin\java.exe
0x00007fff08320000 - 0x00007fff08510000 	C:\WINDOWS\SYSTEM32\ntdll.dll
0x00007fff074c0000 - 0x00007fff07572000 	C:\WINDOWS\System32\KERNEL32.DLL
0x00007fff05e50000 - 0x00007fff060f4000 	C:\WINDOWS\System32\KERNELBASE.dll
0x00007fff06d50000 - 0x00007fff06df3000 	C:\WINDOWS\System32\ADVAPI32.dll
0x00007fff07f00000 - 0x00007fff07f9e000 	C:\WINDOWS\System32\msvcrt.dll
0x00007fff07e60000 - 0x00007fff07ef7000 	C:\WINDOWS\System32\sechost.dll
0x00007fff07220000 - 0x00007fff07340000 	C:\WINDOWS\System32\RPCRT4.dll
0x00007fff06e00000 - 0x00007fff06f94000 	C:\WINDOWS\System32\USER32.dll
0x00007fff054c0000 - 0x00007fff054e1000 	C:\WINDOWS\System32\win32u.dll
0x00007fff07e30000 - 0x00007fff07e56000 	C:\WINDOWS\System32\GDI32.dll
0x00007fff05cb0000 - 0x00007fff05e46000 	C:\WINDOWS\System32\gdi32full.dll
0x00007fff062b0000 - 0x00007fff0634e000 	C:\WINDOWS\System32\msvcp_win.dll
0x00007fff061b0000 - 0x00007fff062aa000 	C:\WINDOWS\System32\ucrtbase.dll
0x00007ffee8a60000 - 0x00007ffee8ce4000 	C:\WINDOWS\WinSxS\amd64_microsoft.windows.common-controls_6595b64144ccf1df_6.0.18362.959_none_e6c7bbbf130c62bb\COMCTL32.dll
0x00007fff07fa0000 - 0x00007fff082d5000 	C:\WINDOWS\System32\combase.dll
0x00007fff06350000 - 0x00007fff063d0000 	C:\WINDOWS\System32\bcryptPrimitives.dll
0x00007fff07420000 - 0x00007fff0744e000 	C:\WINDOWS\System32\IMM32.DLL
0x000000006e240000 - 0x000000006e312000 	C:\Program Files\Android\Android Studio\jre\jre\bin\msvcr100.dll
0x000000006d310000 - 0x000000006db56000 	C:\Program Files\Android\Android Studio\jre\jre\bin\server\jvm.dll
0x00007fff07140000 - 0x00007fff07148000 	C:\WINDOWS\System32\PSAPI.DLL
0x00007ffef3100000 - 0x00007ffef3109000 	C:\WINDOWS\SYSTEM32\WSOCK32.dll
0x00007fff071b0000 - 0x00007fff0721f000 	C:\WINDOWS\System32\WS2_32.dll
0x00007fff03070000 - 0x00007fff0307a000 	C:\WINDOWS\SYSTEM32\VERSION.dll
0x00007fff011f0000 - 0x00007fff01214000 	C:\WINDOWS\SYSTEM32\WINMM.dll
0x00007fff011c0000 - 0x00007fff011ed000 	C:\WINDOWS\SYSTEM32\WINMMBASE.dll
0x00007fff05470000 - 0x00007fff054ba000 	C:\WINDOWS\System32\cfgmgr32.dll
0x00007ffeffa80000 - 0x00007ffeffa8f000 	C:\Program Files\Android\Android Studio\jre\jre\bin\verify.dll
0x00007ffef4190000 - 0x00007ffef41b9000 	C:\Program Files\Android\Android Studio\jre\jre\bin\java.dll
0x00007ffefd7f0000 - 0x00007ffefd806000 	C:\Program Files\Android\Android Studio\jre\jre\bin\zip.dll
0x00007fff07710000 - 0x00007fff07df6000 	C:\WINDOWS\System32\SHELL32.dll
0x00007fff06580000 - 0x00007fff06629000 	C:\WINDOWS\System32\shcore.dll
0x00007fff054f0000 - 0x00007fff05c72000 	C:\WINDOWS\System32\windows.storage.dll
0x00007fff05200000 - 0x00007fff05223000 	C:\WINDOWS\System32\profapi.dll
0x00007fff05250000 - 0x00007fff0529a000 	C:\WINDOWS\System32\powrprof.dll
0x00007fff051d0000 - 0x00007fff051e0000 	C:\WINDOWS\System32\UMPDC.dll
0x00007fff070e0000 - 0x00007fff07132000 	C:\WINDOWS\System32\shlwapi.dll
0x00007fff05230000 - 0x00007fff05241000 	C:\WINDOWS\System32\kernel.appcore.dll
0x00007fff05450000 - 0x00007fff05467000 	C:\WINDOWS\System32\cryptsp.dll
0x00007ffefd1b0000 - 0x00007ffefd1ca000 	C:\Program Files\Android\Android Studio\jre\jre\bin\net.dll
0x00007fff049e0000 - 0x00007fff04a47000 	C:\WINDOWS\system32\mswsock.dll
0x00007ffef3ec0000 - 0x00007ffef3ed1000 	C:\Program Files\Android\Android Studio\jre\jre\bin\nio.dll

VM Arguments:
java_command: org.jetbrains.kotlin.cli.jvm.K2JVMCompiler -Xallow-no-source-files -classpath C:\Users\Bohdan\.gradle\caches\modules-2\files-2.1\org.jetbrains.kotlin\kotlin-android-extensions-runtime\1.3.61\289bdf25b4886749e040c7a7d3aab8a57f85c631\kotlin-android-extensions-runtime-1.3.61.jar;C:\Users\Bohdan\.gradle\caches\modules-2\files-2.1\org.jetbrains.kotlin\kotlin-stdlib-jdk7\1.3.61\70dffc5f8ac5ea7c34f30deac5b9d8b1d48af066\kotlin-stdlib-jdk7-1.3.61.jar;C:\Users\Bohdan\.gradle\caches\transforms-2\files-2.1\4721177a09ff5d0463aebe484626c261\core-ktx-1.3.2-api.jar;C:\Users\Bohdan\.gradle\caches\modules-2\files-2.1\org.jetbrains.kotlin\kotlin-stdlib\1.3.71\898273189ad22779da6bed88ded39b14cb5fd432\kotlin-stdlib-1.3.71.jar;C:\Users\Bohdan\.gradle\caches\modules-2\files-2.1\org.jetbrains.kotlin\kotlin-stdlib-common\1.3.71\e71c3fef58e26affeb03d675e91fd8abdd44aa7b\kotlin-stdlib-common-1.3.71.jar;C:\Users\Bohdan\.gradle\caches\modules-2\files-2.1\org.jetbrains\annotations\13.0\919f0dfe192fb4e063e7dacadee7f8bb9a2672a9\annotations-13.0.jar;C:\Users\Bohdan\.gradle\caches\transforms-2\files-2.1\ac96cc72f4d686b8c14b2f89ba523315\constraintlayout-2.0.2-api.jar;C:\Users\Bohdan\.gradle\caches\transforms-2\files-2.1\8b755b70471c0d70e9000f63ac9c6171\appcompat-1.2.0-api.jar;C:\Users\Bohdan\.gradle\caches\transforms-2\files-2.1\89b0db50b833061760b544b40aaecc2a\jetified-firebase-database-16.0.4-api.jar;C:\Users\Bohdan\.gradle\caches\transforms-2\files-2.1\419e7bcb5ec61e8e327f0f27c5d21fa2\jetified-firebase-auth-16.0.5-api.jar;C:\Users\Bohdan\.gradle\caches\transforms-2\files-2.1\108c22174618d805421c30ab91a9a91c\play-services-flags-16.0.1-api.jar;C:\Users\Bohdan\.gradle\caches\transforms-2\files-2.1\e7cd12e69d9ab318cd29fa6d168f9bc4\jetified-firebase-auth-interop-16.0.1-api.jar;C:\Users\Bohdan\.gradle\caches\transforms-2\files-2.1\9f59a540bc4bc0383bcb8ab83f44e834\jetified-play-services-base-16.0.1-api.jar;C:\Users\Bohdan\.gradle\caches\transforms-2\files-2.1\ae8eed18936633d4bc341acfebbb01
java_class_path (initial): C:\Users\Bohdan\.gradle\caches\modules-2\files-2.1\org.jetbrains.kotlin\kotlin-compiler-embeddable\1.3.61\c35c0833d5a1e3d229359758482c480306724618\kotlin-compiler-embeddable-1.3.61.jar;C:\Users\Bohdan\.gradle\caches\modules-2\files-2.1\org.jetbrains.kotlin\kotlin-reflect\1.3.61\2e07c9a84c9e118efb70eede7e579fd663932122\kotlin-reflect-1.3.61.jar;C:\Users\Bohdan\.gradle\caches\modules-2\files-2.1\org.jetbrains.kotlin\kotlin-stdlib\1.3.61\4702105e97f7396ae41b113fdbdc180ec1eb1e36\kotlin-stdlib-1.3.61.jar;C:\Users\Bohdan\.gradle\caches\modules-2\files-2.1\org.jetbrains.kotlin\kotlin-script-runtime\1.3.61\e5feb39c8de63dcbdc1154b34ca4413874231605\kotlin-script-runtime-1.3.61.jar;C:\Users\Bohdan\.gradle\caches\modules-2\files-2.1\org.jetbrains.kotlin\kotlin-daemon-embeddable\1.3.61\4de83e41a92c8395d89ab2e81d26b788ba163824\kotlin-daemon-embeddable-1.3.61.jar;C:\Users\Bohdan\.gradle\caches\modules-2\files-2.1\org.jetbrains.intellij.deps\trove4j\1.0.20181211\216c2e14b070f334479d800987affe4054cd563f\trove4j-1.0.20181211.jar;C:\Users\Bohdan\.gradle\caches\modules-2\files-2.1\org.jetbrains.kotlin\kotlin-stdlib-common\1.3.61\65abb71d5afb850b68be03987b08e2c864ca3110\kotlin-stdlib-common-1.3.61.jar;C:\Users\Bohdan\.gradle\caches\modules-2\files-2.1\org.jetbrains\annotations\13.0\919f0dfe192fb4e063e7dacadee7f8bb9a2672a9\annotations-13.0.jar;C:\Program Files\Android\Android Studio\jre\lib\tools.jar
Launcher Type: SUN_STANDARD

Environment Variables:
PATH=C:\Program Files (x86)\Common Files\Oracle\Java\javapath;C:\ProgramData\Oracle\Java\javapath;C:\Program Files (x86)\Common Files\Intel\Shared Libraries\redist\intel64\compiler;C:\Program Files (x86)\Common Files\Intel\Shared Libraries\redist\ia32\compiler;C:\WINDOWS\system32;C:\WINDOWS;C:\WINDOWS\System32\Wbem;C:\WINDOWS\System32\WindowsPowerShell\v1.0\;C:\WINDOWS\System32\OpenSSH\;C:\Program Files (x86)\NVIDIA Corporation\PhysX\Common;C:\Program Files (x86)\GitExtensions\;C:\Program Files\NVIDIA Corporation\NVIDIA NvDLISR;C:\Users\Bohdan\AppData\Local\Microsoft\WindowsApps
USERNAME=Bohdan
OS=Windows_NT
PROCESSOR_IDENTIFIER=Intel64 Family 6 Model 78 Stepping 3, GenuineIntel



---------------  S Y S T E M  ---------------

OS: Windows 10.0 , 64 bit Build 18362 (10.0.18362.959)

CPU:total 4 (initial active 4) (2 cores per cpu, 2 threads per core) family 6 model 78 stepping 3, cmov, cx8, fxsr, mmx, sse, sse2, sse3, ssse3, sse4.1, sse4.2, popcnt, avx, avx2, aes, clmul, erms, 3dnowpref, lzcnt, ht, tsc, tscinvbit, bmi1, bmi2, adx

Memory: 4k page, physical 8246408k(1567664k free), swap 11842736k(5120k free)

vm_info: OpenJDK 64-Bit Server VM (25.202-b03) for windows-amd64 JRE (1.8.0_202-release-1483-b03), built by "builder" with MS VC++ 10.0 (VS2010)

time: Mon Oct 26 16:21:44 2020
timezone: Central European Standard Time
elapsed time: 3 seconds (0d 0h 0m 3s)

