#
# There is insufficient memory for the Java Runtime Environment to continue.
# Native memory allocation (malloc) failed to allocate 32744 bytes for ChunkPool::allocate
# Possible reasons:
#   The system is out of physical RAM or swap space
#   The process is running with CompressedOops enabled, and the Java Heap may be blocking the growth of the native heap
# Possible solutions:
#   Reduce memory load on the system
#   Increase physical memory or swap space
#   Check if swap backing store is full
#   Decrease Java heap size (-Xmx/-Xms)
#   Decrease number of Java threads
#   Decrease Java thread stack sizes (-Xss)
#   Set larger code cache with -XX:ReservedCodeCacheSize=
#   JVM is running with Unscaled Compressed Oops mode in which the Java heap is
#     placed in the first 4GB address space. The Java Heap base address is the
#     maximum limit for the native heap growth. Please use -XX:HeapBaseMinAddress
#     to set the Java Heap base and to place the Java Heap above 4GB virtual address.
# This output file may be truncated or incomplete.
#
#  Out of Memory Error (allocation.cpp:272), pid=17124, tid=0x0000000000002c38
#
# JRE version: OpenJDK Runtime Environment (8.0_202-b03) (build 1.8.0_202-release-1483-b03)
# Java VM: OpenJDK 64-Bit Server VM (25.202-b03 mixed mode windows-amd64 compressed oops)
# Failed to write core dump. Minidumps are not enabled by default on client versions of Windows
#

---------------  T H R E A D  ---------------

Current thread (0x00000000198ba000):  JavaThread "Daemon worker" [_thread_in_vm, id=11320, stack(0x000000001ac80000,0x000000001ad80000)]

Stack: [0x000000001ac80000,0x000000001ad80000]
[error occurred during error reporting (printing stack bounds), id 0xc0000005]

Native frames: (J=compiled Java code, j=interpreted, Vv=VM code, C=native code)

Java frames: (J=compiled Java code, j=interpreted, Vv=VM code)
J 750  java.lang.ClassLoader.defineClass1(Ljava/lang/String;[BIILjava/security/ProtectionDomain;Ljava/lang/String;)Ljava/lang/Class; (0 bytes) @ 0x0000000003061fdf [0x0000000003061f40+0x9f]
J 484 C1 java.lang.ClassLoader.defineClass(Ljava/lang/String;[BIILjava/security/ProtectionDomain;)Ljava/lang/Class; (43 bytes) @ 0x0000000002f84024 [0x0000000002f83a40+0x5e4]
J 435 C1 java.net.URLClassLoader.defineClass(Ljava/lang/String;Lsun/misc/Resource;)Ljava/lang/Class; (142 bytes) @ 0x0000000002f5f024 [0x0000000002f5d4c0+0x1b64]
J 328 C1 java.net.URLClassLoader$1.run()Ljava/lang/Class; (63 bytes) @ 0x0000000002f15c14 [0x0000000002f15960+0x2b4]
J 281 C1 java.net.URLClassLoader$1.run()Ljava/lang/Object; (5 bytes) @ 0x0000000002efdc0c [0x0000000002efdb80+0x8c]
v  ~StubRoutines::call_stub
J 247  java.security.AccessController.doPrivileged(Ljava/security/PrivilegedExceptionAction;Ljava/security/AccessControlContext;)Ljava/lang/Object; (0 bytes) @ 0x0000000002ee31e6 [0x0000000002ee3180+0x66]
J 1375 C2 java.net.URLClassLoader.findClass(Ljava/lang/String;)Ljava/lang/Class; (47 bytes) @ 0x0000000003207bb0 [0x0000000003207b20+0x90]
J 1323 C2 java.lang.ClassLoader.loadClass(Ljava/lang/String;Z)Ljava/lang/Class; (122 bytes) @ 0x00000000031deeb4 [0x00000000031ddec0+0xff4]
J 310 C1 java.lang.ClassLoader.loadClass(Ljava/lang/String;)Ljava/lang/Class; (7 bytes) @ 0x0000000002f0f98c [0x0000000002f0f880+0x10c]
v  ~StubRoutines::call_stub
J 750  java.lang.ClassLoader.defineClass1(Ljava/lang/String;[BIILjava/security/ProtectionDomain;Ljava/lang/String;)Ljava/lang/Class; (0 bytes) @ 0x0000000003061fdf [0x0000000003061f40+0x9f]
J 484 C1 java.lang.ClassLoader.defineClass(Ljava/lang/String;[BIILjava/security/ProtectionDomain;)Ljava/lang/Class; (43 bytes) @ 0x0000000002f84024 [0x0000000002f83a40+0x5e4]
J 435 C1 java.net.URLClassLoader.defineClass(Ljava/lang/String;Lsun/misc/Resource;)Ljava/lang/Class; (142 bytes) @ 0x0000000002f5f024 [0x0000000002f5d4c0+0x1b64]
J 328 C1 java.net.URLClassLoader$1.run()Ljava/lang/Class; (63 bytes) @ 0x0000000002f15c14 [0x0000000002f15960+0x2b4]
J 281 C1 java.net.URLClassLoader$1.run()Ljava/lang/Object; (5 bytes) @ 0x0000000002efdc0c [0x0000000002efdb80+0x8c]
v  ~StubRoutines::call_stub
J 247  java.security.AccessController.doPrivileged(Ljava/security/PrivilegedExceptionAction;Ljava/security/AccessControlContext;)Ljava/lang/Object; (0 bytes) @ 0x0000000002ee31e6 [0x0000000002ee3180+0x66]
J 1375 C2 java.net.URLClassLoader.findClass(Ljava/lang/String;)Ljava/lang/Class; (47 bytes) @ 0x0000000003207bb0 [0x0000000003207b20+0x90]
J 1323 C2 java.lang.ClassLoader.loadClass(Ljava/lang/String;Z)Ljava/lang/Class; (122 bytes) @ 0x00000000031deeb4 [0x00000000031ddec0+0xff4]
J 310 C1 java.lang.ClassLoader.loadClass(Ljava/lang/String;)Ljava/lang/Class; (7 bytes) @ 0x0000000002f0f98c [0x0000000002f0f880+0x10c]
v  ~StubRoutines::call_stub
J 750  java.lang.ClassLoader.defineClass1(Ljava/lang/String;[BIILjava/security/ProtectionDomain;Ljava/lang/String;)Ljava/lang/Class; (0 bytes) @ 0x0000000003061fdf [0x0000000003061f40+0x9f]
J 484 C1 java.lang.ClassLoader.defineClass(Ljava/lang/String;[BIILjava/security/ProtectionDomain;)Ljava/lang/Class; (43 bytes) @ 0x0000000002f84024 [0x0000000002f83a40+0x5e4]
J 435 C1 java.net.URLClassLoader.defineClass(Ljava/lang/String;Lsun/misc/Resource;)Ljava/lang/Class; (142 bytes) @ 0x0000000002f5f024 [0x0000000002f5d4c0+0x1b64]
J 328 C1 java.net.URLClassLoader$1.run()Ljava/lang/Class; (63 bytes) @ 0x0000000002f15c14 [0x0000000002f15960+0x2b4]
J 281 C1 java.net.URLClassLoader$1.run()Ljava/lang/Object; (5 bytes) @ 0x0000000002efdc0c [0x0000000002efdb80+0x8c]
v  ~StubRoutines::call_stub
J 247  java.security.AccessController.doPrivileged(Ljava/security/PrivilegedExceptionAction;Ljava/security/AccessControlContext;)Ljava/lang/Object; (0 bytes) @ 0x0000000002ee31e6 [0x0000000002ee3180+0x66]
J 1375 C2 java.net.URLClassLoader.findClass(Ljava/lang/String;)Ljava/lang/Class; (47 bytes) @ 0x0000000003207bb0 [0x0000000003207b20+0x90]
J 1323 C2 java.lang.ClassLoader.loadClass(Ljava/lang/String;Z)Ljava/lang/Class; (122 bytes) @ 0x00000000031deeb4 [0x00000000031ddec0+0xff4]
J 310 C1 java.lang.ClassLoader.loadClass(Ljava/lang/String;)Ljava/lang/Class; (7 bytes) @ 0x0000000002f0f98c [0x0000000002f0f880+0x10c]
v  ~StubRoutines::call_stub
J 1322  java.lang.Class.forName0(Ljava/lang/String;ZLjava/lang/ClassLoader;Ljava/lang/Class;)Ljava/lang/Class; (0 bytes) @ 0x00000000031ced07 [0x00000000031cec80+0x87]
J 1498 C1 java.lang.Class.forName(Ljava/lang/String;ZLjava/lang/ClassLoader;)Ljava/lang/Class; (53 bytes) @ 0x0000000003253384 [0x0000000003252e80+0x504]
j  sun.reflect.generics.factory.CoreReflectionFactory.makeNamedType(Ljava/lang/String;)Ljava/lang/reflect/Type;+6
j  sun.reflect.generics.visitor.Reifier.visitClassTypeSignature(Lsun/reflect/generics/tree/ClassTypeSignature;)V+173
j  sun.reflect.generics.tree.ClassTypeSignature.accept(Lsun/reflect/generics/visitor/TypeTreeVisitor;)V+2
j  sun.reflect.generics.visitor.Reifier.reifyTypeArguments([Lsun/reflect/generics/tree/TypeArgument;)[Ljava/lang/reflect/Type;+18
j  sun.reflect.generics.visitor.Reifier.visitClassTypeSignature(Lsun/reflect/generics/tree/ClassTypeSignature;)V+250
j  sun.reflect.generics.tree.ClassTypeSignature.accept(Lsun/reflect/generics/visitor/TypeTreeVisitor;)V+2
j  sun.reflect.generics.repository.MethodRepository.getReturnType()Ljava/lang/reflect/Type;+23
J 1409 C1 java.lang.reflect.Method.getGenericReturnType()Ljava/lang/reflect/Type; (20 bytes) @ 0x000000000321c28c [0x000000000321bbc0+0x6cc]
j  org.gradle.internal.service.AbstractServiceMethod.<init>(Ljava/lang/reflect/Method;)V+35
J 1314 C1 org.gradle.internal.service.MethodHandleBasedServiceMethodFactory.toServiceMethod(Ljava/lang/reflect/Method;)Lorg/gradle/internal/service/ServiceMethod; (51 bytes) @ 0x00000000031c7c54 [0x00000000031c7320+0x934]
J 1313 C1 org.gradle.internal.service.DefaultServiceMethodFactory.toServiceMethod(Ljava/lang/reflect/Method;)Lorg/gradle/internal/service/ServiceMethod; (11 bytes) @ 0x00000000031c9184 [0x00000000031c9080+0x104]
j  org.gradle.internal.service.RelevantMethods.toServiceMethodList(Ljava/util/List;)Ljava/util/List;+45
j  org.gradle.internal.service.RelevantMethods.<init>(Ljava/util/List;Ljava/util/List;Ljava/util/List;)V+14
j  org.gradle.internal.service.RelevantMethodsBuilder.build()Lorg/gradle/internal/service/RelevantMethods;+16
j  org.gradle.internal.service.RelevantMethods.buildRelevantMethods(Ljava/lang/Class;)Lorg/gradle/internal/service/RelevantMethods;+22
j  org.gradle.internal.service.RelevantMethods.getMethods(Ljava/lang/Class;)Lorg/gradle/internal/service/RelevantMethods;+18
j  org.gradle.internal.service.DefaultServiceRegistry.findProviderMethods(Ljava/lang/Object;)V+6
j  org.gradle.internal.service.DefaultServiceRegistry.addProvider(Ljava/lang/Object;)Lorg/gradle/internal/service/DefaultServiceRegistry;+6
j  org.gradle.internal.service.DefaultServiceRegistry$1.addProvider(Ljava/lang/Object;)V+5
j  org.gradle.internal.service.scopes.ExecutionServices.registerGradleServices(Lorg/gradle/internal/service/ServiceRegistration;)V+8
j  org.gradle.internal.service.scopes.GradleScopeServices$1.execute(Lorg/gradle/internal/service/ServiceRegistration;)V+38
j  org.gradle.internal.service.scopes.GradleScopeServices$1.execute(Ljava/lang/Object;)V+5
j  org.gradle.internal.service.DefaultServiceRegistry.register(Lorg/gradle/api/Action;)V+9
j  org.gradle.internal.service.scopes.GradleScopeServices.<init>(Lorg/gradle/internal/service/ServiceRegistry;Lorg/gradle/api/internal/GradleInternal;)V+41
j  org.gradle.internal.service.scopes.BuildScopeServiceRegistryFactory.createFor(Ljava/lang/Object;)Lorg/gradle/internal/service/ServiceRegistry;+19
j  org.gradle.invocation.DefaultGradle.<init>(Lorg/gradle/api/internal/GradleInternal;Lorg/gradle/StartParameter;Lorg/gradle/internal/service/scopes/ServiceRegistryFactory;)V+35
j  org.gradle.invocation.DefaultGradle_Decorated.<init>(Lorg/gradle/api/internal/GradleInternal;Lorg/gradle/StartParameter;Lorg/gradle/internal/service/scopes/ServiceRegistryFactory;)V+4
v  ~StubRoutines::call_stub
j  sun.reflect.NativeConstructorAccessorImpl.newInstance0(Ljava/lang/reflect/Constructor;[Ljava/lang/Object;)Ljava/lang/Object;+0
j  sun.reflect.NativeConstructorAccessorImpl.newInstance([Ljava/lang/Object;)Ljava/lang/Object;+85
j  sun.reflect.DelegatingConstructorAccessorImpl.newInstance([Ljava/lang/Object;)Ljava/lang/Object;+5
j  java.lang.reflect.Constructor.newInstance([Ljava/lang/Object;)Ljava/lang/Object;+79
j  org.gradle.internal.instantiation.AsmBackedClassGenerator.newInstance(Ljava/lang/reflect/Constructor;Lorg/gradle/internal/service/ServiceLookup;Lorg/gradle/internal/reflect/Instantiator;[Ljava/lang/Object;)Ljava/lang/Object;+34
j  org.gradle.internal.instantiation.AbstractClassGenerator$GeneratedClassImpl$GeneratedConstructorImpl.newInstance(Lorg/gradle/internal/service/ServiceLookup;Lorg/gradle/internal/reflect/Instantiator;[Ljava/lang/Object;)Ljava/lang/Object;+14
j  org.gradle.internal.instantiation.DependencyInjectingInstantiator.newInstance(Ljava/lang/Class;[Ljava/lang/Object;)Ljava/lang/Object;+33
j  org.gradle.initialization.DefaultGradleLauncherFactory.doNewInstance(Lorg/gradle/api/internal/BuildDefinition;Lorg/gradle/internal/build/BuildState;Lorg/gradle/initialization/GradleLauncher;Lorg/gradle/internal/service/scopes/BuildTreeScopeServices;Ljava/util/List;)Lorg/gradle/initialization/DefaultGradleLauncher;+310
j  org.gradle.initialization.DefaultGradleLauncherFactory.newInstance(Lorg/gradle/api/internal/BuildDefinition;Lorg/gradle/internal/build/RootBuildState;Lorg/gradle/internal/service/scopes/BuildTreeScopeServices;)Lorg/gradle/initialization/GradleLauncher;+33
j  org.gradle.composite.internal.DefaultRootBuildState.<init>(Lorg/gradle/api/internal/BuildDefinition;Lorg/gradle/initialization/GradleLauncherFactory;Lorg/gradle/internal/event/ListenerManager;Lorg/gradle/internal/service/scopes/BuildTreeScopeServices;)V+15
j  org.gradle.composite.internal.DefaultIncludedBuildRegistry.createRootBuild(Lorg/gradle/api/internal/BuildDefinition;)Lorg/gradle/internal/build/RootBuildState;+35
j  org.gradle.launcher.exec.InProcessBuildActionExecuter.execute(Lorg/gradle/internal/invocation/BuildAction;Lorg/gradle/initialization/BuildRequestContext;Lorg/gradle/launcher/exec/BuildActionParameters;Lorg/gradle/internal/service/ServiceRegistry;)Lorg/gradle/launcher/exec/BuildActionResult;+61
j  org.gradle.launcher.exec.InProcessBuildActionExecuter.execute(Lorg/gradle/internal/invocation/BuildAction;Lorg/gradle/initialization/BuildRequestContext;Ljava/lang/Object;Lorg/gradle/internal/service/ServiceRegistry;)Lorg/gradle/launcher/exec/BuildActionResult;+9
j  org.gradle.launcher.exec.BuildTreeScopeBuildActionExecuter.execute(Lorg/gradle/internal/invocation/BuildAction;Lorg/gradle/initialization/BuildRequestContext;Lorg/gradle/launcher/exec/BuildActionParameters;Lorg/gradle/internal/service/ServiceRegistry;)Lorg/gradle/launcher/exec/BuildActionResult;+38
j  org.gradle.launcher.exec.BuildTreeScopeBuildActionExecuter.execute(Lorg/gradle/internal/invocation/BuildAction;Lorg/gradle/initialization/BuildRequestContext;Ljava/lang/Object;Lorg/gradle/internal/service/ServiceRegistry;)Lorg/gradle/launcher/exec/BuildActionResult;+9
j  org.gradle.tooling.internal.provider.ContinuousBuildActionExecuter.execute(Lorg/gradle/internal/invocation/BuildAction;Lorg/gradle/initialization/BuildRequestContext;Lorg/gradle/launcher/exec/BuildActionParameters;Lorg/gradle/internal/service/ServiceRegistry;)Lorg/gradle/launcher/exec/BuildActionResult;+58
j  org.gradle.tooling.internal.provider.ContinuousBuildActionExecuter.execute(Lorg/gradle/internal/invocation/BuildAction;Lorg/gradle/initialization/BuildRequestContext;Ljava/lang/Object;Lorg/gradle/internal/service/ServiceRegistry;)Lorg/gradle/launcher/exec/BuildActionResult;+9
j  org.gradle.tooling.internal.provider.SubscribableBuildActionExecuter.execute(Lorg/gradle/internal/invocation/BuildAction;Lorg/gradle/initialization/BuildRequestContext;Lorg/gradle/launcher/exec/BuildActionParameters;Lorg/gradle/internal/service/ServiceRegistry;)Lorg/gradle/launcher/exec/BuildActionResult;+45
j  org.gradle.tooling.internal.provider.SubscribableBuildActionExecuter.execute(Lorg/gradle/internal/invocation/BuildAction;Lorg/gradle/initialization/BuildRequestContext;Ljava/lang/Object;Lorg/gradle/internal/service/ServiceRegistry;)Lorg/gradle/launcher/exec/BuildActionResult;+9
j  org.gradle.tooling.internal.provider.SessionScopeBuildActionExecuter.execute(Lorg/gradle/internal/invocation/BuildAction;Lorg/gradle/initialization/BuildRequestContext;Lorg/gradle/launcher/exec/BuildActionParameters;Lorg/gradle/internal/service/ServiceRegistry;)Lorg/gradle/launcher/exec/BuildActionResult;+117
j  org.gradle.tooling.internal.provider.SessionScopeBuildActionExecuter.execute(Lorg/gradle/internal/invocation/BuildAction;Lorg/gradle/initialization/BuildRequestContext;Ljava/lang/Object;Lorg/gradle/internal/service/ServiceRegistry;)Lorg/gradle/launcher/exec/BuildActionResult;+9
j  org.gradle.tooling.internal.provider.GradleThreadBuildActionExecuter.execute(Lorg/gradle/internal/invocation/BuildAction;Lorg/gradle/initialization/BuildRequestContext;Lorg/gradle/launcher/exec/BuildActionParameters;Lorg/gradle/internal/service/ServiceRegistry;)Lorg/gradle/launcher/exec/BuildActionResult;+12
j  org.gradle.tooling.internal.provider.GradleThreadBuildActionExecuter.execute(Lorg/gradle/internal/invocation/BuildAction;Lorg/gradle/initialization/BuildRequestContext;Ljava/lang/Object;Lorg/gradle/internal/service/ServiceRegistry;)Lorg/gradle/launcher/exec/BuildActionResult;+9
j  org.gradle.tooling.internal.provider.ParallelismConfigurationBuildActionExecuter.execute(Lorg/gradle/internal/invocation/BuildAction;Lorg/gradle/initialization/BuildRequestContext;Lorg/gradle/launcher/exec/BuildActionParameters;Lorg/gradle/internal/service/ServiceRegistry;)Lorg/gradle/launcher/exec/BuildActionResult;+43
j  org.gradle.tooling.internal.provider.ParallelismConfigurationBuildActionExecuter.execute(Lorg/gradle/internal/invocation/BuildAction;Lorg/gradle/initialization/BuildRequestContext;Ljava/lang/Object;Lorg/gradle/internal/service/ServiceRegistry;)Lorg/gradle/launcher/exec/BuildActionResult;+9
j  org.gradle.tooling.internal.provider.StartParamsValidatingActionExecuter.execute(Lorg/gradle/internal/invocation/BuildAction;Lorg/gradle/initialization/BuildRequestContext;Lorg/gradle/launcher/exec/BuildActionParameters;Lorg/gradle/internal/service/ServiceRegistry;)Lorg/gradle/launcher/exec/BuildActionResult;+177
j  org.gradle.tooling.internal.provider.StartParamsValidatingActionExecuter.execute(Lorg/gradle/internal/invocation/BuildAction;Lorg/gradle/initialization/BuildRequestContext;Ljava/lang/Object;Lorg/gradle/internal/service/ServiceRegistry;)Lorg/gradle/launcher/exec/BuildActionResult;+9
j  org.gradle.tooling.internal.provider.SessionFailureReportingActionExecuter.execute(Lorg/gradle/internal/invocation/BuildAction;Lorg/gradle/initialization/BuildRequestContext;Lorg/gradle/launcher/exec/BuildActionParameters;Lorg/gradle/internal/service/ServiceRegistry;)Lorg/gradle/launcher/exec/BuildActionResult;+9
j  org.gradle.tooling.internal.provider.SessionFailureReportingActionExecuter.execute(Lorg/gradle/internal/invocation/BuildAction;Lorg/gradle/initialization/BuildRequestContext;Ljava/lang/Object;Lorg/gradle/internal/service/ServiceRegistry;)Lorg/gradle/launcher/exec/BuildActionResult;+9
j  org.gradle.tooling.internal.provider.SetupLoggingActionExecuter.execute(Lorg/gradle/internal/invocation/BuildAction;Lorg/gradle/initialization/BuildRequestContext;Lorg/gradle/launcher/exec/BuildActionParameters;Lorg/gradle/internal/service/ServiceRegistry;)Lorg/gradle/launcher/exec/BuildActionResult;+52
j  org.gradle.tooling.internal.provider.SetupLoggingActionExecuter.execute(Lorg/gradle/internal/invocation/BuildAction;Lorg/gradle/initialization/BuildRequestContext;Ljava/lang/Object;Lorg/gradle/internal/service/ServiceRegistry;)Lorg/gradle/launcher/exec/BuildActionResult;+9
j  org.gradle.launcher.daemon.server.exec.ExecuteBuild.doBuild(Lorg/gradle/launcher/daemon/server/api/DaemonCommandExecution;Lorg/gradle/launcher/daemon/protocol/Build;)V+118
j  org.gradle.launcher.daemon.server.exec.BuildCommandOnly.execute(Lorg/gradle/launcher/daemon/server/api/DaemonCommandExecution;)V+49
j  org.gradle.launcher.daemon.server.api.DaemonCommandExecution.proceed()Z+28
j  org.gradle.launcher.daemon.server.exec.WatchForDisconnection.execute(Lorg/gradle/launcher/daemon/server/api/DaemonCommandExecution;)V+19
j  org.gradle.launcher.daemon.server.api.DaemonCommandExecution.proceed()Z+28
j  org.gradle.launcher.daemon.server.exec.ResetDeprecationLogger.execute(Lorg/gradle/launcher/daemon/server/api/DaemonCommandExecution;)V+4
j  org.gradle.launcher.daemon.server.api.DaemonCommandExecution.proceed()Z+28
j  org.gradle.launcher.daemon.server.exec.RequestStopIfSingleUsedDaemon.execute(Lorg/gradle/launcher/daemon/server/api/DaemonCommandExecution;)V+33
j  org.gradle.launcher.daemon.server.api.DaemonCommandExecution.proceed()Z+28
j  org.gradle.launcher.daemon.server.exec.ForwardClientInput$2.call()Ljava/lang/Void;+4
j  org.gradle.launcher.daemon.server.exec.ForwardClientInput$2.call()Ljava/lang/Object;+1
j  org.gradle.util.Swapper.swap(Ljava/lang/Object;Ljava/util/concurrent/Callable;)Ljava/lang/Object;+21
j  org.gradle.launcher.daemon.server.exec.ForwardClientInput.execute(Lorg/gradle/launcher/daemon/server/api/DaemonCommandExecution;)V+63
j  org.gradle.launcher.daemon.server.api.DaemonCommandExecution.proceed()Z+28
j  org.gradle.launcher.daemon.server.exec.LogAndCheckHealth.execute(Lorg/gradle/launcher/daemon/server/api/DaemonCommandExecution;)V+28
j  org.gradle.launcher.daemon.server.api.DaemonCommandExecution.proceed()Z+28
j  org.gradle.launcher.daemon.server.exec.LogToClient.doBuild(Lorg/gradle/launcher/daemon/server/api/DaemonCommandExecution;Lorg/gradle/launcher/daemon/protocol/Build;)V+87
j  org.gradle.launcher.daemon.server.exec.BuildCommandOnly.execute(Lorg/gradle/launcher/daemon/server/api/DaemonCommandExecution;)V+49
j  org.gradle.launcher.daemon.server.api.DaemonCommandExecution.proceed()Z+28
j  org.gradle.launcher.daemon.server.exec.EstablishBuildEnvironment.doBuild(Lorg/gradle/launcher/daemon/server/api/DaemonCommandExecution;Lorg/gradle/launcher/daemon/protocol/Build;)V+351
j  org.gradle.launcher.daemon.server.exec.BuildCommandOnly.execute(Lorg/gradle/launcher/daemon/server/api/DaemonCommandExecution;)V+49
j  org.gradle.launcher.daemon.server.api.DaemonCommandExecution.proceed()Z+28
j  org.gradle.launcher.daemon.server.exec.StartBuildOrRespondWithBusy$1.run()V+44
j  org.gradle.launcher.daemon.server.DaemonStateCoordinator$1.run()V+4
j  org.gradle.internal.concurrent.ExecutorPolicy$CatchAndRecordFailures.onExecute(Ljava/lang/Runnable;)V+1
j  org.gradle.internal.concurrent.ManagedExecutorImpl$1.run()V+25
j  java.util.concurrent.ThreadPoolExecutor.runWorker(Ljava/util/concurrent/ThreadPoolExecutor$Worker;)V+95
j  java.util.concurrent.ThreadPoolExecutor$Worker.run()V+5
j  org.gradle.internal.concurrent.ThreadFactoryImpl$ManagedThreadRunnable.run()V+7
j  java.lang.Thread.run()V+11
v  ~StubRoutines::call_stub

---------------  P R O C E S S  ---------------

Java Threads: ( => current thread )
  0x0000000019141800 JavaThread "Cache worker for file hash cache (C:\Users\Bohdan\AndroidStudioProjects\KotlinFirebase\.gradle\5.4.1\fileHashes)" [_thread_blocked, id=12092, stack(0x000000001ee60000,0x000000001ef60000)]
  0x0000000019140800 JavaThread "Cache worker for journal cache (C:\Users\Bohdan\.gradle\caches\journal-1)" [_thread_blocked, id=17640, stack(0x000000001b280000,0x000000001b380000)]
  0x0000000019144800 JavaThread "File lock request listener" [_thread_in_native, id=9588, stack(0x000000001b180000,0x000000001b280000)]
  0x0000000018939000 JavaThread "Cache worker for file hash cache (C:\Users\Bohdan\.gradle\caches\5.4.1\fileHashes)" [_thread_blocked, id=4392, stack(0x000000001b080000,0x000000001b180000)]
  0x00000000198b1000 JavaThread "Thread-9" [_thread_blocked, id=13772, stack(0x000000001af80000,0x000000001b080000)]
  0x00000000198a1800 JavaThread "Stdin handler" [_thread_blocked, id=5332, stack(0x000000001ae80000,0x000000001af80000)]
  0x00000000198a7800 JavaThread "Asynchronous log dispatcher for DefaultDaemonConnection: socket connection from /127.0.0.1:53582 to /127.0.0.1:53583" [_thread_blocked, id=14240, stack(0x000000001ad80000,0x000000001ae80000)]
=>0x00000000198ba000 JavaThread "Daemon worker" [_thread_in_vm, id=11320, stack(0x000000001ac80000,0x000000001ad80000)]
  0x00000000198b9000 JavaThread "Cancel handler" [_thread_blocked, id=9100, stack(0x000000001ab80000,0x000000001ac80000)]
  0x0000000018685000 JavaThread "Handler for socket connection from /127.0.0.1:53582 to /127.0.0.1:53583" [_thread_in_native, id=4848, stack(0x000000001a880000,0x000000001a980000)]
  0x0000000018680000 JavaThread "Daemon" [_thread_blocked, id=14872, stack(0x000000001a780000,0x000000001a880000)]
  0x000000001885e800 JavaThread "Daemon periodic checks" [_thread_blocked, id=14716, stack(0x000000001a680000,0x000000001a780000)]
  0x000000001883b800 JavaThread "Incoming local TCP Connector on port 53582" [_thread_in_native, id=15572, stack(0x000000001a440000,0x000000001a540000)]
  0x00000000195f3000 JavaThread "Daemon health stats" [_thread_blocked, id=16912, stack(0x0000000019e00000,0x0000000019f00000)]
  0x000000001671e800 JavaThread "Service Thread" daemon [_thread_blocked, id=3384, stack(0x0000000018430000,0x0000000018530000)]
  0x00000000166c9000 JavaThread "C1 CompilerThread2" daemon [_thread_blocked, id=17712, stack(0x0000000017f30000,0x0000000018030000)]
  0x00000000166bc800 JavaThread "C2 CompilerThread1" daemon [_thread_in_native, id=14756, stack(0x0000000017e30000,0x0000000017f30000)]
  0x00000000166b8800 JavaThread "C2 CompilerThread0" daemon [_thread_in_native, id=14744, stack(0x0000000017d30000,0x0000000017e30000)]
  0x00000000166c7000 JavaThread "Attach Listener" daemon [_thread_blocked, id=2552, stack(0x0000000017c30000,0x0000000017d30000)]
  0x00000000166c5800 JavaThread "Signal Dispatcher" daemon [_thread_blocked, id=6448, stack(0x0000000017b30000,0x0000000017c30000)]
  0x0000000002d4b000 JavaThread "Finalizer" daemon [_thread_blocked, id=3644, stack(0x0000000017930000,0x0000000017a30000)]
  0x00000000166a9000 JavaThread "Reference Handler" daemon [_thread_blocked, id=5656, stack(0x0000000017830000,0x0000000017930000)]
  0x0000000002a7e000 JavaThread "main" [_thread_blocked, id=2764, stack(0x0000000002b50000,0x0000000002c50000)]

Other Threads:
  0x0000000016687000 VMThread [stack: 0x0000000017730000,0x0000000017830000] [id=13684]
  0x0000000018059800 WatcherThread [stack: 0x0000000018530000,0x0000000018630000] [id=11508]

VM state:not at safepoint (normal execution)

VM Mutex/Monitor currently owned by a thread: None

heap address: 0x00000000a0000000, size: 1536 MB, Compressed Oops mode: 32-bit
Narrow klass base: 0x0000000000000000, Narrow klass shift: 3
Compressed class space size: 1073741824 Address: 0x0000000100000000

Heap:
 PSYoungGen      total 37888K, used 21851K [0x00000000e0000000, 0x00000000e4a00000, 0x0000000100000000)
  eden space 32768K, 51% used [0x00000000e0000000,0x00000000e105af78,0x00000000e2000000)
  from space 5120K, 99% used [0x00000000e2500000,0x00000000e29fc010,0x00000000e2a00000)
  to   space 5120K, 0% used [0x00000000e2000000,0x00000000e2000000,0x00000000e2500000)
 ParOldGen       total 86016K, used 4729K [0x00000000a0000000, 0x00000000a5400000, 0x00000000e0000000)
  object space 86016K, 5% used [0x00000000a0000000,0x00000000a049e5f0,0x00000000a5400000)
 Metaspace       used 17338K, capacity 17764K, committed 18048K, reserved 1064960K
  class space    used 2508K, capacity 2648K, committed 2688K, reserved 1048576K

Card table byte_map: [0x0000000012110000,0x0000000012420000] byte_map_base: 0x0000000011c10000

Marking Bits: (ParMarkBitMap*) 0x000000006dad9f30
 Begin Bits: [0x0000000012a20000, 0x0000000014220000)
 End Bits:   [0x0000000014220000, 0x0000000015a20000)

Polling page: 0x0000000000ee0000

CodeCache: size=245760Kb used=5313Kb max_used=5313Kb free=240447Kb
 bounds [0x0000000002d50000, 0x0000000003290000, 0x0000000011d50000]
 total_blobs=1938 nmethods=1539 adapters=312
 compilation: enabled

Compilation events (10 events):
Event: 3.760 Thread 0x00000000166c9000 1544       3       org.objectweb.asm.ByteVector::put12 (64 bytes)
Event: 3.760 Thread 0x00000000166c9000 nmethod 1544 0x000000000327dc50 code [0x000000000327ddc0, 0x000000000327e048]
Event: 3.765 Thread 0x00000000166c9000 1547       3       org.gradle.internal.service.AbstractServiceMethod::<init> (42 bytes)
Event: 3.768 Thread 0x00000000166c9000 nmethod 1547 0x000000000327e1d0 code [0x000000000327e440, 0x000000000327f728]
Event: 3.768 Thread 0x00000000166c9000 1550       3       org.gradle.internal.service.DefaultServiceRegistry$FactoryMethodService::<init> (29 bytes)
Event: 3.769 Thread 0x00000000166c9000 nmethod 1550 0x0000000003280290 code [0x0000000003280460, 0x0000000003280ca8]
Event: 3.769 Thread 0x00000000166c9000 1548       3       sun.reflect.generics.parser.SignatureParser::parseFieldTypeSignature (6 bytes)
Event: 3.769 Thread 0x00000000166c9000 nmethod 1548 0x0000000003281350 code [0x00000000032814c0, 0x0000000003281648]
Event: 3.769 Thread 0x00000000166c9000 1549       3       sun.reflect.generics.parser.SignatureParser::parseFieldTypeSignature (73 bytes)
Event: 3.769 Thread 0x00000000166c9000 nmethod 1549 0x00000000032816d0 code [0x00000000032818c0, 0x0000000003281d78]

GC Heap History (8 events):
Event: 1.085 GC heap before
{Heap before GC invocations=1 (full 0):
 PSYoungGen      total 37888K, used 32768K [0x00000000e0000000, 0x00000000e2a00000, 0x0000000100000000)
  eden space 32768K, 100% used [0x00000000e0000000,0x00000000e2000000,0x00000000e2000000)
  from space 5120K, 0% used [0x00000000e2500000,0x00000000e2500000,0x00000000e2a00000)
  to   space 5120K, 0% used [0x00000000e2000000,0x00000000e2000000,0x00000000e2500000)
 ParOldGen       total 86016K, used 0K [0x00000000a0000000, 0x00000000a5400000, 0x00000000e0000000)
  object space 86016K, 0% used [0x00000000a0000000,0x00000000a0000000,0x00000000a5400000)
 Metaspace       used 6635K, capacity 6788K, committed 7040K, reserved 1056768K
  class space    used 811K, capacity 844K, committed 896K, reserved 1048576K
Event: 1.093 GC heap after
Heap after GC invocations=1 (full 0):
 PSYoungGen      total 37888K, used 4140K [0x00000000e0000000, 0x00000000e2a00000, 0x0000000100000000)
  eden space 32768K, 0% used [0x00000000e0000000,0x00000000e0000000,0x00000000e2000000)
  from space 5120K, 80% used [0x00000000e2000000,0x00000000e240b368,0x00000000e2500000)
  to   space 5120K, 0% used [0x00000000e2500000,0x00000000e2500000,0x00000000e2a00000)
 ParOldGen       total 86016K, used 8K [0x00000000a0000000, 0x00000000a5400000, 0x00000000e0000000)
  object space 86016K, 0% used [0x00000000a0000000,0x00000000a0002000,0x00000000a5400000)
 Metaspace       used 6635K, capacity 6788K, committed 7040K, reserved 1056768K
  class space    used 811K, capacity 844K, committed 896K, reserved 1048576K
}
Event: 1.583 GC heap before
{Heap before GC invocations=2 (full 0):
 PSYoungGen      total 37888K, used 36908K [0x00000000e0000000, 0x00000000e2a00000, 0x0000000100000000)
  eden space 32768K, 100% used [0x00000000e0000000,0x00000000e2000000,0x00000000e2000000)
  from space 5120K, 80% used [0x00000000e2000000,0x00000000e240b368,0x00000000e2500000)
  to   space 5120K, 0% used [0x00000000e2500000,0x00000000e2500000,0x00000000e2a00000)
 ParOldGen       total 86016K, used 8K [0x00000000a0000000, 0x00000000a5400000, 0x00000000e0000000)
  object space 86016K, 0% used [0x00000000a0000000,0x00000000a0002000,0x00000000a5400000)
 Metaspace       used 8660K, capacity 8862K, committed 9216K, reserved 1056768K
  class space    used 1126K, capacity 1173K, committed 1280K, reserved 1048576K
Event: 1.590 GC heap after
Heap after GC invocations=2 (full 0):
 PSYoungGen      total 37888K, used 4401K [0x00000000e0000000, 0x00000000e2a00000, 0x0000000100000000)
  eden space 32768K, 0% used [0x00000000e0000000,0x00000000e0000000,0x00000000e2000000)
  from space 5120K, 85% used [0x00000000e2500000,0x00000000e294c598,0x00000000e2a00000)
  to   space 5120K, 0% used [0x00000000e2000000,0x00000000e2000000,0x00000000e2500000)
 ParOldGen       total 86016K, used 16K [0x00000000a0000000, 0x00000000a5400000, 0x00000000e0000000)
  object space 86016K, 0% used [0x00000000a0000000,0x00000000a0004000,0x00000000a5400000)
 Metaspace       used 8660K, capacity 8862K, committed 9216K, reserved 1056768K
  class space    used 1126K, capacity 1173K, committed 1280K, reserved 1048576K
}
Event: 2.915 GC heap before
{Heap before GC invocations=3 (full 0):
 PSYoungGen      total 37888K, used 37169K [0x00000000e0000000, 0x00000000e2a00000, 0x0000000100000000)
  eden space 32768K, 100% used [0x00000000e0000000,0x00000000e2000000,0x00000000e2000000)
  from space 5120K, 85% used [0x00000000e2500000,0x00000000e294c598,0x00000000e2a00000)
  to   space 5120K, 0% used [0x00000000e2000000,0x00000000e2000000,0x00000000e2500000)
 ParOldGen       total 86016K, used 16K [0x00000000a0000000, 0x00000000a5400000, 0x00000000e0000000)
  object space 86016K, 0% used [0x00000000a0000000,0x00000000a0004000,0x00000000a5400000)
 Metaspace       used 13216K, capacity 13620K, committed 13824K, reserved 1060864K
  class space    used 1826K, capacity 1966K, committed 2048K, reserved 1048576K
Event: 2.925 GC heap after
Heap after GC invocations=3 (full 0):
 PSYoungGen      total 37888K, used 5097K [0x00000000e0000000, 0x00000000e2a00000, 0x0000000100000000)
  eden space 32768K, 0% used [0x00000000e0000000,0x00000000e0000000,0x00000000e2000000)
  from space 5120K, 99% used [0x00000000e2000000,0x00000000e24fa630,0x00000000e2500000)
  to   space 5120K, 0% used [0x00000000e2500000,0x00000000e2500000,0x00000000e2a00000)
 ParOldGen       total 86016K, used 1769K [0x00000000a0000000, 0x00000000a5400000, 0x00000000e0000000)
  object space 86016K, 2% used [0x00000000a0000000,0x00000000a01ba7a0,0x00000000a5400000)
 Metaspace       used 13216K, capacity 13620K, committed 13824K, reserved 1060864K
  class space    used 1826K, capacity 1966K, committed 2048K, reserved 1048576K
}
Event: 3.429 GC heap before
{Heap before GC invocations=4 (full 0):
 PSYoungGen      total 37888K, used 37865K [0x00000000e0000000, 0x00000000e2a00000, 0x0000000100000000)
  eden space 32768K, 100% used [0x00000000e0000000,0x00000000e2000000,0x00000000e2000000)
  from space 5120K, 99% used [0x00000000e2000000,0x00000000e24fa630,0x00000000e2500000)
  to   space 5120K, 0% used [0x00000000e2500000,0x00000000e2500000,0x00000000e2a00000)
 ParOldGen       total 86016K, used 1769K [0x00000000a0000000, 0x00000000a5400000, 0x00000000e0000000)
  object space 86016K, 2% used [0x00000000a0000000,0x00000000a01ba7a0,0x00000000a5400000)
 Metaspace       used 15933K, capacity 16324K, committed 16512K, reserved 1062912K
  class space    used 2279K, capacity 2424K, committed 2432K, reserved 1048576K
Event: 3.468 GC heap after
Heap after GC invocations=4 (full 0):
 PSYoungGen      total 37888K, used 5104K [0x00000000e0000000, 0x00000000e4a00000, 0x0000000100000000)
  eden space 32768K, 0% used [0x00000000e0000000,0x00000000e0000000,0x00000000e2000000)
  from space 5120K, 99% used [0x00000000e2500000,0x00000000e29fc010,0x00000000e2a00000)
  to   space 5120K, 0% used [0x00000000e2000000,0x00000000e2000000,0x00000000e2500000)
 ParOldGen       total 86016K, used 4729K [0x00000000a0000000, 0x00000000a5400000, 0x00000000e0000000)
  object space 86016K, 5% used [0x00000000a0000000,0x00000000a049e5f0,0x00000000a5400000)
 Metaspace       used 15933K, capacity 16324K, committed 16512K, reserved 1062912K
  class space    used 2279K, capacity 2424K, committed 2432K, reserved 1048576K
}

Deoptimization events (10 events):
Event: 2.611 Thread 0x0000000018685000 Uncommon trap: reason=unstable_if action=reinterpret pc=0x00000000030ffb30 method=java.util.concurrent.ConcurrentHashMap.putVal(Ljava/lang/Object;Ljava/lang/Object;Z)Ljava/lang/Object; @ 206
Event: 2.693 Thread 0x00000000198ba000 Uncommon trap: reason=bimorphic action=maybe_recompile pc=0x0000000002fe7ff8 method=java.util.HashMap.putVal(ILjava/lang/Object;Ljava/lang/Object;ZZ)Ljava/lang/Object; @ 253
Event: 2.693 Thread 0x00000000198ba000 Uncommon trap: reason=bimorphic action=maybe_recompile pc=0x0000000002fe7ff8 method=java.util.HashMap.putVal(ILjava/lang/Object;Ljava/lang/Object;ZZ)Ljava/lang/Object; @ 253
Event: 2.693 Thread 0x00000000198ba000 Uncommon trap: reason=bimorphic action=maybe_recompile pc=0x0000000002fe7ff8 method=java.util.HashMap.putVal(ILjava/lang/Object;Ljava/lang/Object;ZZ)Ljava/lang/Object; @ 253
Event: 2.693 Thread 0x00000000198ba000 Uncommon trap: reason=bimorphic action=maybe_recompile pc=0x0000000002fe7ff8 method=java.util.HashMap.putVal(ILjava/lang/Object;Ljava/lang/Object;ZZ)Ljava/lang/Object; @ 253
Event: 2.937 Thread 0x00000000198ba000 Uncommon trap: reason=class_check action=maybe_recompile pc=0x0000000003027ad8 method=java.util.regex.Matcher.match(II)Z @ 86
Event: 2.952 Thread 0x00000000198ba000 Uncommon trap: reason=class_check action=maybe_recompile pc=0x0000000003027ad8 method=java.util.regex.Matcher.match(II)Z @ 86
Event: 2.952 Thread 0x00000000198ba000 Uncommon trap: reason=class_check action=maybe_recompile pc=0x0000000003027ad8 method=java.util.regex.Matcher.match(II)Z @ 86
Event: 2.953 Thread 0x00000000198ba000 Uncommon trap: reason=class_check action=maybe_recompile pc=0x0000000002fe359c method=java.util.regex.Matcher.match(II)Z @ 86
Event: 3.282 Thread 0x00000000198ba000 Uncommon trap: reason=unstable_if action=reinterpret pc=0x00000000030f5af4 method=java.lang.String.lastIndexOf([CII[CIII)I @ 66

Classes redefined (0 events):
No events

Internal exceptions (10 events):
Event: 2.616 Thread 0x0000000018685000 Exception <a 'java/lang/NoSuchMethodError': <clinit>> (0x00000000e0b0da30) thrown at [D:\src\AOSP-openjdk-cygwin\jdk8u\hotspot\src\share\vm\prims\jni.cpp, line 1614]
Event: 2.619 Thread 0x0000000018685000 Exception <a 'java/lang/NoSuchMethodError': <clinit>> (0x00000000e0b20c10) thrown at [D:\src\AOSP-openjdk-cygwin\jdk8u\hotspot\src\share\vm\prims\jni.cpp, line 1614]
Event: 2.623 Thread 0x0000000018685000 Exception <a 'java/lang/NoSuchMethodError': <clinit>> (0x00000000e0b47ff8) thrown at [D:\src\AOSP-openjdk-cygwin\jdk8u\hotspot\src\share\vm\prims\jni.cpp, line 1614]
Event: 2.625 Thread 0x0000000018685000 Exception <a 'java/lang/NoSuchMethodError': <clinit>> (0x00000000e0b60068) thrown at [D:\src\AOSP-openjdk-cygwin\jdk8u\hotspot\src\share\vm\prims\jni.cpp, line 1614]
Event: 2.625 Thread 0x0000000018685000 Exception <a 'java/lang/NoSuchMethodError': <clinit>> (0x00000000e0b68cf8) thrown at [D:\src\AOSP-openjdk-cygwin\jdk8u\hotspot\src\share\vm\prims\jni.cpp, line 1614]
Event: 2.627 Thread 0x0000000018685000 Exception <a 'java/lang/NoSuchMethodError': <clinit>> (0x00000000e0b7f648) thrown at [D:\src\AOSP-openjdk-cygwin\jdk8u\hotspot\src\share\vm\prims\jni.cpp, line 1614]
Event: 2.638 Thread 0x0000000018685000 Exception <a 'java/lang/NoSuchMethodError': <clinit>> (0x00000000e0bdce50) thrown at [D:\src\AOSP-openjdk-cygwin\jdk8u\hotspot\src\share\vm\prims\jni.cpp, line 1614]
Event: 2.643 Thread 0x0000000018685000 Exception <a 'java/lang/NoSuchMethodError': <clinit>> (0x00000000e0c09b70) thrown at [D:\src\AOSP-openjdk-cygwin\jdk8u\hotspot\src\share\vm\prims\jni.cpp, line 1614]
Event: 2.650 Thread 0x0000000018685000 Exception <a 'java/lang/NoSuchMethodError': <clinit>> (0x00000000e0c37d30) thrown at [D:\src\AOSP-openjdk-cygwin\jdk8u\hotspot\src\share\vm\prims\jni.cpp, line 1614]
Event: 2.652 Thread 0x0000000018685000 Exception <a 'java/lang/NoSuchMethodError': <clinit>> (0x00000000e0c43138) thrown at [D:\src\AOSP-openjdk-cygwin\jdk8u\hotspot\src\share\vm\prims\jni.cpp, line 1614]

Events (10 events):
Event: 3.776 loading class org/gradle/internal/execution/Context
Event: 3.776 loading class org/gradle/internal/execution/Context done
Event: 3.777 loading class org/gradle/internal/execution/CachingResult
Event: 3.777 loading class org/gradle/internal/execution/CachingResult done
Event: 3.777 loading class org/gradle/internal/execution/UpToDateResult
Event: 3.777 loading class org/gradle/internal/execution/UpToDateResult done
Event: 3.777 loading class org/gradle/internal/execution/SnapshotResult
Event: 3.777 loading class org/gradle/internal/execution/SnapshotResult done
Event: 3.778 loading class org/gradle/internal/execution/Result
Event: 3.778 loading class org/gradle/internal/execution/Result done


Dynamic libraries:
0x00007ff728550000 - 0x00007ff728581000 	C:\Program Files\Android\Android Studio\jre\bin\java.exe
0x00007fff08320000 - 0x00007fff08510000 	C:\WINDOWS\SYSTEM32\ntdll.dll
0x00007fff074c0000 - 0x00007fff07572000 	C:\WINDOWS\System32\KERNEL32.DLL
0x00007fff05e50000 - 0x00007fff060f4000 	C:\WINDOWS\System32\KERNELBASE.dll
0x00007fff06d50000 - 0x00007fff06df3000 	C:\WINDOWS\System32\ADVAPI32.dll
0x00007fff07f00000 - 0x00007fff07f9e000 	C:\WINDOWS\System32\msvcrt.dll
0x00007fff07e60000 - 0x00007fff07ef7000 	C:\WINDOWS\System32\sechost.dll
0x00007fff07220000 - 0x00007fff07340000 	C:\WINDOWS\System32\RPCRT4.dll
0x00007fff06e00000 - 0x00007fff06f94000 	C:\WINDOWS\System32\USER32.dll
0x00007fff054c0000 - 0x00007fff054e1000 	C:\WINDOWS\System32\win32u.dll
0x00007fff07e30000 - 0x00007fff07e56000 	C:\WINDOWS\System32\GDI32.dll
0x00007fff05cb0000 - 0x00007fff05e46000 	C:\WINDOWS\System32\gdi32full.dll
0x00007fff062b0000 - 0x00007fff0634e000 	C:\WINDOWS\System32\msvcp_win.dll
0x00007fff061b0000 - 0x00007fff062aa000 	C:\WINDOWS\System32\ucrtbase.dll
0x00007ffee8a60000 - 0x00007ffee8ce4000 	C:\WINDOWS\WinSxS\amd64_microsoft.windows.common-controls_6595b64144ccf1df_6.0.18362.959_none_e6c7bbbf130c62bb\COMCTL32.dll
0x00007fff07fa0000 - 0x00007fff082d5000 	C:\WINDOWS\System32\combase.dll
0x00007fff06350000 - 0x00007fff063d0000 	C:\WINDOWS\System32\bcryptPrimitives.dll
0x00007fff07420000 - 0x00007fff0744e000 	C:\WINDOWS\System32\IMM32.DLL
0x000000006e240000 - 0x000000006e312000 	C:\Program Files\Android\Android Studio\jre\jre\bin\msvcr100.dll
0x000000006d310000 - 0x000000006db56000 	C:\Program Files\Android\Android Studio\jre\jre\bin\server\jvm.dll
0x00007fff07140000 - 0x00007fff07148000 	C:\WINDOWS\System32\PSAPI.DLL
0x00007ffef3100000 - 0x00007ffef3109000 	C:\WINDOWS\SYSTEM32\WSOCK32.dll
0x00007fff011f0000 - 0x00007fff01214000 	C:\WINDOWS\SYSTEM32\WINMM.dll
0x00007fff071b0000 - 0x00007fff0721f000 	C:\WINDOWS\System32\WS2_32.dll
0x00007fff03070000 - 0x00007fff0307a000 	C:\WINDOWS\SYSTEM32\VERSION.dll
0x00007fff011c0000 - 0x00007fff011ed000 	C:\WINDOWS\SYSTEM32\WINMMBASE.dll
0x00007fff05470000 - 0x00007fff054ba000 	C:\WINDOWS\System32\cfgmgr32.dll
0x00007ffeffa80000 - 0x00007ffeffa8f000 	C:\Program Files\Android\Android Studio\jre\jre\bin\verify.dll
0x00007ffef4190000 - 0x00007ffef41b9000 	C:\Program Files\Android\Android Studio\jre\jre\bin\java.dll
0x00007ffefd7f0000 - 0x00007ffefd806000 	C:\Program Files\Android\Android Studio\jre\jre\bin\zip.dll
0x00007fff07710000 - 0x00007fff07df6000 	C:\WINDOWS\System32\SHELL32.dll
0x00007fff06580000 - 0x00007fff06629000 	C:\WINDOWS\System32\shcore.dll
0x00007fff054f0000 - 0x00007fff05c72000 	C:\WINDOWS\System32\windows.storage.dll
0x00007fff05200000 - 0x00007fff05223000 	C:\WINDOWS\System32\profapi.dll
0x00007fff05250000 - 0x00007fff0529a000 	C:\WINDOWS\System32\powrprof.dll
0x00007fff051d0000 - 0x00007fff051e0000 	C:\WINDOWS\System32\UMPDC.dll
0x00007fff070e0000 - 0x00007fff07132000 	C:\WINDOWS\System32\shlwapi.dll
0x00007fff05230000 - 0x00007fff05241000 	C:\WINDOWS\System32\kernel.appcore.dll
0x00007fff05450000 - 0x00007fff05467000 	C:\WINDOWS\System32\cryptsp.dll
0x00007ffefd1b0000 - 0x00007ffefd1ca000 	C:\Program Files\Android\Android Studio\jre\jre\bin\net.dll
0x00007fff049e0000 - 0x00007fff04a47000 	C:\WINDOWS\system32\mswsock.dll
0x00007ffef3ec0000 - 0x00007ffef3ed1000 	C:\Program Files\Android\Android Studio\jre\jre\bin\nio.dll
0x00007ffef0910000 - 0x00007ffef0936000 	C:\Users\Bohdan\.gradle\native\29\windows-amd64\native-platform.dll
0x00007ffeff950000 - 0x00007ffeff95d000 	C:\Program Files\Android\Android Studio\jre\jre\bin\management.dll
0x00007fff04550000 - 0x00007fff04583000 	C:\WINDOWS\system32\rsaenh.dll
0x00007fff05c80000 - 0x00007fff05ca6000 	C:\WINDOWS\System32\bcrypt.dll
0x00007fff050f0000 - 0x00007fff05115000 	C:\WINDOWS\SYSTEM32\USERENV.dll
0x00007fff04bb0000 - 0x00007fff04bbc000 	C:\WINDOWS\SYSTEM32\CRYPTBASE.dll
0x00007fff046f0000 - 0x00007fff0472a000 	C:\WINDOWS\SYSTEM32\IPHLPAPI.DLL
0x00007fff07e20000 - 0x00007fff07e28000 	C:\WINDOWS\System32\NSI.dll
0x00007ffefbb30000 - 0x00007ffefbb46000 	C:\WINDOWS\SYSTEM32\dhcpcsvc6.DLL
0x00007ffefb2c0000 - 0x00007ffefb2dc000 	C:\WINDOWS\SYSTEM32\dhcpcsvc.DLL
0x00007fff04730000 - 0x00007fff047fb000 	C:\WINDOWS\SYSTEM32\DNSAPI.dll

VM Arguments:
jvm_args: -Xmx1536m -Dfile.encoding=windows-1252 -Duser.country=US -Duser.language=en -Duser.variant 
java_command: org.gradle.launcher.daemon.bootstrap.GradleDaemon 5.4.1
java_class_path (initial): C:\Users\Bohdan\.gradle\wrapper\dists\gradle-5.4.1-all\3221gyojl5jsh0helicew7rwx\gradle-5.4.1\lib\gradle-launcher-5.4.1.jar
Launcher Type: SUN_STANDARD

Environment Variables:
PATH=C:\Program Files (x86)\Common Files\Oracle\Java\javapath;C:\ProgramData\Oracle\Java\javapath;C:\Program Files (x86)\Common Files\Intel\Shared Libraries\redist\intel64\compiler;C:\Program Files (x86)\Common Files\Intel\Shared Libraries\redist\ia32\compiler;C:\WINDOWS\system32;C:\WINDOWS;C:\WINDOWS\System32\Wbem;C:\WINDOWS\System32\WindowsPowerShell\v1.0\;C:\WINDOWS\System32\OpenSSH\;C:\Program Files (x86)\NVIDIA Corporation\PhysX\Common;C:\Program Files (x86)\GitExtensions\;C:\Program Files\NVIDIA Corporation\NVIDIA NvDLISR;C:\Users\Bohdan\AppData\Local\Microsoft\WindowsApps
USERNAME=Bohdan
OS=Windows_NT
PROCESSOR_IDENTIFIER=Intel64 Family 6 Model 78 Stepping 3, GenuineIntel



---------------  S Y S T E M  ---------------

OS: Windows 10.0 , 64 bit Build 18362 (10.0.18362.959)

CPU:total 4 (initial active 4) (2 cores per cpu, 2 threads per core) family 6 model 78 stepping 3, cmov, cx8, fxsr, mmx, sse, sse2, sse3, ssse3, sse4.1, sse4.2, popcnt, avx, avx2, aes, clmul, erms, 3dnowpref, lzcnt, ht, tsc, tscinvbit, bmi1, bmi2, adx

Memory: 4k page, physical 8246408k(1760352k free), swap 11842736k(5132k free)

vm_info: OpenJDK 64-Bit Server VM (25.202-b03) for windows-amd64 JRE (1.8.0_202-release-1483-b03), built by "builder" with MS VC++ 10.0 (VS2010)

time: Mon Oct 26 16:02:07 2020
timezone: Central European Standard Time
elapsed time: 3 seconds (0d 0h 0m 3s)

