#
# There is insufficient memory for the Java Runtime Environment to continue.
# Native memory allocation (malloc) failed to allocate 694576 bytes for Chunk::new
# Possible reasons:
#   The system is out of physical RAM or swap space
#   The process is running with CompressedOops enabled, and the Java Heap may be blocking the growth of the native heap
# Possible solutions:
#   Reduce memory load on the system
#   Increase physical memory or swap space
#   Check if swap backing store is full
#   Decrease Java heap size (-Xmx/-Xms)
#   Decrease number of Java threads
#   Decrease Java thread stack sizes (-Xss)
#   Set larger code cache with -XX:ReservedCodeCacheSize=
#   JVM is running with Unscaled Compressed Oops mode in which the Java heap is
#     placed in the first 4GB address space. The Java Heap base address is the
#     maximum limit for the native heap growth. Please use -XX:HeapBaseMinAddress
#     to set the Java Heap base and to place the Java Heap above 4GB virtual address.
# This output file may be truncated or incomplete.
#
#  Out of Memory Error (allocation.cpp:389), pid=15532, tid=0x00000000000043c8
#
# JRE version: OpenJDK Runtime Environment (8.0_202-b03) (build 1.8.0_202-release-1483-b03)
# Java VM: OpenJDK 64-Bit Server VM (25.202-b03 mixed mode windows-amd64 compressed oops)
# Failed to write core dump. Minidumps are not enabled by default on client versions of Windows
#

---------------  T H R E A D  ---------------

Current thread (0x000000001646b800):  JavaThread "C2 CompilerThread1" daemon [_thread_in_native, id=17352, stack(0x0000000017be0000,0x0000000017ce0000)]

Stack: [0x0000000017be0000,0x0000000017ce0000]
[error occurred during error reporting (printing stack bounds), id 0xc0000005]

Native frames: (J=compiled Java code, j=interpreted, Vv=VM code, C=native code)


Current CompileTask:
C2:1683551 8110   !   4       org.gradle.api.internal.attributes.DefaultImmutableAttributesFactory::doConcatIsolatable (146 bytes)


---------------  P R O C E S S  ---------------

Java Threads: ( => current thread )
  0x000000001b510000 JavaThread "Cache worker for file content cache (C:\Users\Bohdan\AndroidStudioProjects\KotlinFirebase\.gradle\5.4.1\fileContent)" [_thread_blocked, id=12160, stack(0x00000000238d0000,0x00000000239d0000)]
  0x0000000018f77800 JavaThread "Cache worker for file content cache (C:\Users\Bohdan\.gradle\caches\5.4.1\fileContent)" [_thread_blocked, id=14308, stack(0x00000000235d0000,0x00000000236d0000)]
  0x00000000199c6000 JavaThread "Cache worker for Build Output Cleanup Cache (C:\Users\Bohdan\AndroidStudioProjects\KotlinFirebase\.gradle\buildOutputCleanup)" [_thread_blocked, id=2588, stack(0x00000000234d0000,0x00000000235d0000)]
  0x00000000199c5800 JavaThread "Build operations Thread 4" [_thread_blocked, id=17424, stack(0x00000000233d0000,0x00000000234d0000)]
  0x00000000199c4000 JavaThread "Build operations Thread 3" [_thread_blocked, id=10420, stack(0x00000000221b0000,0x00000000222b0000)]
  0x00000000199c4800 JavaThread "Build operations Thread 2" [_thread_blocked, id=14456, stack(0x0000000021ab0000,0x0000000021bb0000)]
  0x00000000199c1000 JavaThread "Build operations" [_thread_blocked, id=9104, stack(0x0000000020970000,0x0000000020a70000)]
  0x00000000199c3000 JavaThread "Cache worker for cache directory md-rule (C:\Users\Bohdan\.gradle\caches\5.4.1\md-rule)" [_thread_blocked, id=13472, stack(0x0000000020870000,0x0000000020970000)]
  0x00000000199c2800 JavaThread "Cache worker for cache directory md-supplier (C:\Users\Bohdan\.gradle\caches\5.4.1\md-supplier)" [_thread_blocked, id=18236, stack(0x0000000020770000,0x0000000020870000)]
  0x00000000199b9000 JavaThread "Cache worker for file hash cache (C:\Users\Bohdan\AndroidStudioProjects\KotlinFirebase\.gradle\5.4.1\fileHashes)" [_thread_blocked, id=3772, stack(0x0000000020170000,0x0000000020270000)]
  0x00000000199b8800 JavaThread "Thread-32" [_thread_blocked, id=9584, stack(0x000000001ea40000,0x000000001eb40000)]
  0x00000000199bb800 JavaThread "Stdin handler" [_thread_blocked, id=12856, stack(0x000000001d4d0000,0x000000001d5d0000)]
  0x00000000199ba000 JavaThread "Asynchronous log dispatcher for DefaultDaemonConnection: socket connection from /127.0.0.1:53451 to /127.0.0.1:53559" [_thread_blocked, id=14332, stack(0x000000001ab30000,0x000000001ac30000)]
  0x00000000199bc000 JavaThread "Daemon worker Thread 2" [_thread_in_Java, id=8132, stack(0x000000001aa30000,0x000000001ab30000)]
  0x00000000199bd000 JavaThread "Cancel handler" [_thread_blocked, id=13292, stack(0x000000001a930000,0x000000001aa30000)]
  0x00000000199bf000 JavaThread "Handler for socket connection from /127.0.0.1:53451 to /127.0.0.1:53559" [_thread_in_native, id=192, stack(0x000000001a630000,0x000000001a730000)]
  0x00000000199ba800 JavaThread "Daemon Thread 2" [_thread_blocked, id=10036, stack(0x000000001a530000,0x000000001a630000)]
  0x00000000199be800 JavaThread "Memory manager" [_thread_blocked, id=9744, stack(0x0000000022ab0000,0x0000000022bb0000)]
  0x00000000199bd800 JavaThread "Cache worker for execution history cache (C:\Users\Bohdan\.gradle\caches\5.4.1\executionHistory)" [_thread_blocked, id=12644, stack(0x0000000020470000,0x0000000020570000)]
  0x0000000018f73000 JavaThread "Cache worker for journal cache (C:\Users\Bohdan\.gradle\caches\journal-1)" [_thread_blocked, id=17552, stack(0x000000001b030000,0x000000001b130000)]
  0x0000000018f76800 JavaThread "File lock request listener" [_thread_in_native, id=1080, stack(0x000000001af30000,0x000000001b030000)]
  0x0000000018f78000 JavaThread "Cache worker for file hash cache (C:\Users\Bohdan\.gradle\caches\5.4.1\fileHashes)" [_thread_blocked, id=9196, stack(0x000000001ae30000,0x000000001af30000)]
  0x00000000184a0000 JavaThread "Daemon periodic checks" [_thread_blocked, id=224, stack(0x000000001a430000,0x000000001a530000)]
  0x0000000018176000 JavaThread "Incoming local TCP Connector on port 53451" [_thread_in_native, id=10784, stack(0x000000001a1f0000,0x000000001a2f0000)]
  0x0000000019208800 JavaThread "Daemon health stats" [_thread_blocked, id=17108, stack(0x0000000019bb0000,0x0000000019cb0000)]
  0x0000000017de7000 JavaThread "Service Thread" daemon [_thread_blocked, id=3364, stack(0x00000000181e0000,0x00000000182e0000)]
  0x0000000016472800 JavaThread "C1 CompilerThread2" daemon [_thread_in_native, id=9872, stack(0x0000000017ce0000,0x0000000017de0000)]
=>0x000000001646b800 JavaThread "C2 CompilerThread1" daemon [_thread_in_native, id=17352, stack(0x0000000017be0000,0x0000000017ce0000)]
  0x0000000016477800 JavaThread "C2 CompilerThread0" daemon [_thread_in_native, id=14300, stack(0x0000000017ae0000,0x0000000017be0000)]
  0x0000000016476000 JavaThread "Attach Listener" daemon [_thread_blocked, id=18188, stack(0x00000000179e0000,0x0000000017ae0000)]
  0x0000000016474800 JavaThread "Signal Dispatcher" daemon [_thread_blocked, id=15972, stack(0x00000000178e0000,0x00000000179e0000)]
  0x0000000002af5000 JavaThread "Finalizer" daemon [_thread_blocked, id=1864, stack(0x00000000176e0000,0x00000000177e0000)]
  0x0000000016459000 JavaThread "Reference Handler" daemon [_thread_blocked, id=11136, stack(0x00000000175e0000,0x00000000176e0000)]
  0x00000000029fe000 JavaThread "main" [_thread_blocked, id=4008, stack(0x0000000002860000,0x0000000002960000)]

Other Threads:
  0x0000000016436000 VMThread [stack: 0x00000000174e0000,0x00000000175e0000] [id=7088]
  0x0000000017de7800 WatcherThread [stack: 0x00000000182e0000,0x00000000183e0000] [id=11364]

VM state:not at safepoint (normal execution)

VM Mutex/Monitor currently owned by a thread:  ([mutex/lock_event])
[0x00000000029fcdc0] SystemDictionary_lock - owner thread: 0x0000000000000000

heap address: 0x00000000a0000000, size: 1536 MB, Compressed Oops mode: 32-bit
Narrow klass base: 0x0000000000000000, Narrow klass shift: 3
Compressed class space size: 1073741824 Address: 0x0000000100000000

Heap:
 PSYoungGen      total 193024K, used 23363K [0x00000000e0000000, 0x00000000eea00000, 0x0000000100000000)
  eden space 174592K, 5% used [0x00000000e0000000,0x00000000e093b380,0x00000000eaa80000)
  from space 18432K, 75% used [0x00000000eaa80000,0x00000000eb815c50,0x00000000ebc80000)
  to   space 19456K, 0% used [0x00000000ed700000,0x00000000ed700000,0x00000000eea00000)
 ParOldGen       total 136704K, used 34595K [0x00000000a0000000, 0x00000000a8580000, 0x00000000e0000000)
  object space 136704K, 25% used [0x00000000a0000000,0x00000000a21c8ef0,0x00000000a8580000)
 Metaspace       used 65463K, capacity 67666K, committed 67928K, reserved 1107968K
  class space    used 8598K, capacity 9071K, committed 9088K, reserved 1048576K

Card table byte_map: [0x0000000011ec0000,0x00000000121d0000] byte_map_base: 0x00000000119c0000

Marking Bits: (ParMarkBitMap*) 0x000000006dad9f30
 Begin Bits: [0x00000000127d0000, 0x0000000013fd0000)
 End Bits:   [0x0000000013fd0000, 0x00000000157d0000)

Polling page: 0x0000000002960000

CodeCache: size=245760Kb used=23059Kb max_used=23059Kb free=222700Kb
 bounds [0x0000000002b00000, 0x00000000041b0000, 0x0000000011b00000]
 total_blobs=8031 nmethods=7238 adapters=706
 compilation: enabled

Compilation events (10 events):
Event: 1683.543 Thread 0x0000000016472800 nmethod 8254 0x000000000419eb50 code [0x000000000419ecc0, 0x000000000419eef0]
Event: 1683.543 Thread 0x0000000016472800 8255       3       org.gradle.api.internal.artifacts.transform.ConsumerProvidedVariantFinder::collectConsumerVariants (66 bytes)
Event: 1683.544 Thread 0x0000000016472800 nmethod 8255 0x000000000419efd0 code [0x000000000419f1e0, 0x000000000419fb28]
Event: 1683.544 Thread 0x0000000016472800 8253       3       java.util.stream.ReferencePipeline$3::<init> (20 bytes)
Event: 1683.545 Thread 0x0000000016472800 nmethod 8253 0x00000000041a0090 code [0x00000000041a0200, 0x00000000041a04a8]
Event: 1683.548 Thread 0x0000000016472800 8256       1       org.gradle.api.internal.artifacts.publish.DefaultPublishArtifact::getName (5 bytes)
Event: 1683.549 Thread 0x0000000016472800 nmethod 8256 0x00000000041a0610 code [0x00000000041a0760, 0x00000000041a0870]
Event: 1683.549 Thread 0x0000000016472800 8257       1       org.gradle.api.internal.artifacts.publish.DefaultPublishArtifact::getClassifier (5 bytes)
Event: 1683.549 Thread 0x0000000016472800 nmethod 8257 0x00000000041a08d0 code [0x00000000041a0a20, 0x00000000041a0b30]
Event: 1683.549 Thread 0x0000000016472800 8258       1       org.gradle.api.internal.artifacts.publish.DefaultPublishArtifact::getType (5 bytes)

GC Heap History (10 events):
Event: 18.320 GC heap before
{Heap before GC invocations=12 (full 2):
 PSYoungGen      total 117760K, used 107008K [0x00000000e0000000, 0x00000000ea680000, 0x0000000100000000)
  eden space 107008K, 100% used [0x00000000e0000000,0x00000000e6880000,0x00000000e6880000)
  from space 10752K, 0% used [0x00000000e6880000,0x00000000e6880000,0x00000000e7300000)
  to   space 12288K, 0% used [0x00000000e9a80000,0x00000000e9a80000,0x00000000ea680000)
 ParOldGen       total 88064K, used 18124K [0x00000000a0000000, 0x00000000a5600000, 0x00000000e0000000)
  object space 88064K, 20% used [0x00000000a0000000,0x00000000a11b3028,0x00000000a5600000)
 Metaspace       used 45401K, capacity 46296K, committed 46552K, reserved 1089536K
  class space    used 6096K, capacity 6332K, committed 6400K, reserved 1048576K
Event: 18.347 GC heap after
Heap after GC invocations=12 (full 2):
 PSYoungGen      total 148992K, used 12284K [0x00000000e0000000, 0x00000000ea680000, 0x0000000100000000)
  eden space 136704K, 0% used [0x00000000e0000000,0x00000000e0000000,0x00000000e8580000)
  from space 12288K, 99% used [0x00000000e9a80000,0x00000000ea67f008,0x00000000ea680000)
  to   space 14336K, 0% used [0x00000000e8a80000,0x00000000e8a80000,0x00000000e9880000)
 ParOldGen       total 88064K, used 20008K [0x00000000a0000000, 0x00000000a5600000, 0x00000000e0000000)
  object space 88064K, 22% used [0x00000000a0000000,0x00000000a138a0b0,0x00000000a5600000)
 Metaspace       used 45401K, capacity 46296K, committed 46552K, reserved 1089536K
  class space    used 6096K, capacity 6332K, committed 6400K, reserved 1048576K
}
Event: 22.429 GC heap before
{Heap before GC invocations=13 (full 2):
 PSYoungGen      total 148992K, used 148988K [0x00000000e0000000, 0x00000000ea680000, 0x0000000100000000)
  eden space 136704K, 100% used [0x00000000e0000000,0x00000000e8580000,0x00000000e8580000)
  from space 12288K, 99% used [0x00000000e9a80000,0x00000000ea67f008,0x00000000ea680000)
  to   space 14336K, 0% used [0x00000000e8a80000,0x00000000e8a80000,0x00000000e9880000)
 ParOldGen       total 88064K, used 20008K [0x00000000a0000000, 0x00000000a5600000, 0x00000000e0000000)
  object space 88064K, 22% used [0x00000000a0000000,0x00000000a138a0b0,0x00000000a5600000)
 Metaspace       used 53774K, capacity 55154K, committed 55256K, reserved 1097728K
  class space    used 7288K, capacity 7626K, committed 7680K, reserved 1048576K
Event: 22.479 GC heap after
Heap after GC invocations=13 (full 2):
 PSYoungGen      total 156160K, used 14321K [0x00000000e0000000, 0x00000000ecf00000, 0x0000000100000000)
  eden space 141824K, 0% used [0x00000000e0000000,0x00000000e0000000,0x00000000e8a80000)
  from space 14336K, 99% used [0x00000000e8a80000,0x00000000e987c520,0x00000000e9880000)
  to   space 18944K, 0% used [0x00000000ebc80000,0x00000000ebc80000,0x00000000ecf00000)
 ParOldGen       total 88064K, used 27194K [0x00000000a0000000, 0x00000000a5600000, 0x00000000e0000000)
  object space 88064K, 30% used [0x00000000a0000000,0x00000000a1a8eb08,0x00000000a5600000)
 Metaspace       used 53774K, capacity 55154K, committed 55256K, reserved 1097728K
  class space    used 7288K, capacity 7626K, committed 7680K, reserved 1048576K
}
Event: 25.321 GC heap before
{Heap before GC invocations=14 (full 2):
 PSYoungGen      total 156160K, used 61205K [0x00000000e0000000, 0x00000000ecf00000, 0x0000000100000000)
  eden space 141824K, 33% used [0x00000000e0000000,0x00000000e2dc9128,0x00000000e8a80000)
  from space 14336K, 99% used [0x00000000e8a80000,0x00000000e987c520,0x00000000e9880000)
  to   space 18944K, 0% used [0x00000000ebc80000,0x00000000ebc80000,0x00000000ecf00000)
 ParOldGen       total 88064K, used 27194K [0x00000000a0000000, 0x00000000a5600000, 0x00000000e0000000)
  object space 88064K, 30% used [0x00000000a0000000,0x00000000a1a8eb08,0x00000000a5600000)
 Metaspace       used 57287K, capacity 58924K, committed 59028K, reserved 1099776K
  class space    used 7705K, capacity 8102K, committed 8192K, reserved 1048576K
Event: 25.354 GC heap after
Heap after GC invocations=14 (full 2):
 PSYoungGen      total 193536K, used 5134K [0x00000000e0000000, 0x00000000ed400000, 0x0000000100000000)
  eden space 174592K, 0% used [0x00000000e0000000,0x00000000e0000000,0x00000000eaa80000)
  from space 18944K, 27% used [0x00000000ebc80000,0x00000000ec183ba8,0x00000000ecf00000)
  to   space 18432K, 0% used [0x00000000eaa80000,0x00000000eaa80000,0x00000000ebc80000)
 ParOldGen       total 88064K, used 35416K [0x00000000a0000000, 0x00000000a5600000, 0x00000000e0000000)
  object space 88064K, 40% used [0x00000000a0000000,0x00000000a2296358,0x00000000a5600000)
 Metaspace       used 57287K, capacity 58924K, committed 59028K, reserved 1099776K
  class space    used 7705K, capacity 8102K, committed 8192K, reserved 1048576K
}
Event: 25.354 GC heap before
{Heap before GC invocations=15 (full 3):
 PSYoungGen      total 193536K, used 5134K [0x00000000e0000000, 0x00000000ed400000, 0x0000000100000000)
  eden space 174592K, 0% used [0x00000000e0000000,0x00000000e0000000,0x00000000eaa80000)
  from space 18944K, 27% used [0x00000000ebc80000,0x00000000ec183ba8,0x00000000ecf00000)
  to   space 18432K, 0% used [0x00000000eaa80000,0x00000000eaa80000,0x00000000ebc80000)
 ParOldGen       total 88064K, used 35416K [0x00000000a0000000, 0x00000000a5600000, 0x00000000e0000000)
  object space 88064K, 40% used [0x00000000a0000000,0x00000000a2296358,0x00000000a5600000)
 Metaspace       used 57287K, capacity 58924K, committed 59028K, reserved 1099776K
  class space    used 7705K, capacity 8102K, committed 8192K, reserved 1048576K
Event: 25.967 GC heap after
Heap after GC invocations=15 (full 3):
 PSYoungGen      total 193536K, used 0K [0x00000000e0000000, 0x00000000ed400000, 0x0000000100000000)
  eden space 174592K, 0% used [0x00000000e0000000,0x00000000e0000000,0x00000000eaa80000)
  from space 18944K, 0% used [0x00000000ebc80000,0x00000000ebc80000,0x00000000ecf00000)
  to   space 18432K, 0% used [0x00000000eaa80000,0x00000000eaa80000,0x00000000ebc80000)
 ParOldGen       total 136704K, used 34587K [0x00000000a0000000, 0x00000000a8580000, 0x00000000e0000000)
  object space 136704K, 25% used [0x00000000a0000000,0x00000000a21c6ef0,0x00000000a8580000)
 Metaspace       used 57287K, capacity 58924K, committed 59028K, reserved 1099776K
  class space    used 7705K, capacity 8102K, committed 8192K, reserved 1048576K
}
Event: 1683.354 GC heap before
{Heap before GC invocations=16 (full 3):
 PSYoungGen      total 193536K, used 174592K [0x00000000e0000000, 0x00000000ed400000, 0x0000000100000000)
  eden space 174592K, 100% used [0x00000000e0000000,0x00000000eaa80000,0x00000000eaa80000)
  from space 18944K, 0% used [0x00000000ebc80000,0x00000000ebc80000,0x00000000ecf00000)
  to   space 18432K, 0% used [0x00000000eaa80000,0x00000000eaa80000,0x00000000ebc80000)
 ParOldGen       total 136704K, used 34587K [0x00000000a0000000, 0x00000000a8580000, 0x00000000e0000000)
  object space 136704K, 25% used [0x00000000a0000000,0x00000000a21c6ef0,0x00000000a8580000)
 Metaspace       used 65351K, capacity 67524K, committed 67672K, reserved 1107968K
  class space    used 8591K, capacity 9068K, committed 9088K, reserved 1048576K
Event: 1683.409 GC heap after
Heap after GC invocations=16 (full 3):
 PSYoungGen      total 193024K, used 13911K [0x00000000e0000000, 0x00000000eea00000, 0x0000000100000000)
  eden space 174592K, 0% used [0x00000000e0000000,0x00000000e0000000,0x00000000eaa80000)
  from space 18432K, 75% used [0x00000000eaa80000,0x00000000eb815c50,0x00000000ebc80000)
  to   space 19456K, 0% used [0x00000000ed700000,0x00000000ed700000,0x00000000eea00000)
 ParOldGen       total 136704K, used 34595K [0x00000000a0000000, 0x00000000a8580000, 0x00000000e0000000)
  object space 136704K, 25% used [0x00000000a0000000,0x00000000a21c8ef0,0x00000000a8580000)
 Metaspace       used 65351K, capacity 67524K, committed 67672K, reserved 1107968K
  class space    used 8591K, capacity 9068K, committed 9088K, reserved 1048576K
}

Deoptimization events (10 events):
Event: 1682.623 Thread 0x00000000199bc000 Uncommon trap: reason=unstable_if action=reinterpret pc=0x000000000349aa6c method=java.util.Arrays.hashCode([Ljava/lang/Object;)I @ 34
Event: 1682.651 Thread 0x00000000199bc000 Uncommon trap: reason=unstable_if action=reinterpret pc=0x0000000003ddc8a8 method=com.google.common.collect.MapMakerInternalMap$Segment.getEntry(Ljava/lang/Object;I)Lcom/google/common/collect/MapMakerInternalMap$InternalEntry; @ 4
Event: 1682.820 Thread 0x00000000199c4000 Uncommon trap: reason=unstable_if action=reinterpret pc=0x0000000003edcbac method=java.util.concurrent.ConcurrentLinkedQueue.offer(Ljava/lang/Object;)Z @ 91
Event: 1682.856 Thread 0x00000000199bc000 Uncommon trap: reason=class_check action=maybe_recompile pc=0x0000000003edd27c method=com.google.common.base.Equivalence$Equals.doEquivalent(Ljava/lang/Object;Ljava/lang/Object;)Z @ 2
Event: 1682.856 Thread 0x00000000199bc000 Uncommon trap: reason=class_check action=maybe_recompile pc=0x0000000003edd27c method=com.google.common.base.Equivalence$Equals.doEquivalent(Ljava/lang/Object;Ljava/lang/Object;)Z @ 2
Event: 1682.856 Thread 0x00000000199bc000 Uncommon trap: reason=class_check action=maybe_recompile pc=0x0000000003edd27c method=com.google.common.base.Equivalence$Equals.doEquivalent(Ljava/lang/Object;Ljava/lang/Object;)Z @ 2
Event: 1682.857 Thread 0x00000000199bc000 Uncommon trap: reason=class_check action=maybe_recompile pc=0x0000000003edd27c method=com.google.common.base.Equivalence$Equals.doEquivalent(Ljava/lang/Object;Ljava/lang/Object;)Z @ 2
Event: 1682.893 Thread 0x00000000199bc000 Uncommon trap: reason=unstable_if action=reinterpret pc=0x00000000032ea834 method=java.util.concurrent.ConcurrentHashMap.addCount(JI)V @ 110
Event: 1682.895 Thread 0x00000000199bc000 Uncommon trap: reason=unstable_if action=reinterpret pc=0x0000000004014a5c method=java.util.concurrent.ConcurrentHashMap.addCount(JI)V @ 110
Event: 1683.409 Thread 0x0000000016459000 Uncommon trap: reason=unstable_if action=reinterpret pc=0x0000000002c25578 method=java.lang.ref.Reference.tryHandlePending(Z)Z @ 20

Classes redefined (0 events):
No events

Internal exceptions (10 events):
Event: 1682.614 Thread 0x00000000199bc000 Exception <a 'java/lang/NoSuchMethodError': <clinit>> (0x00000000e8942b10) thrown at [D:\src\AOSP-openjdk-cygwin\jdk8u\hotspot\src\share\vm\prims\jni.cpp, line 1614]
Event: 1682.614 Thread 0x00000000199bc000 Exception <a 'java/lang/NoSuchMethodError': <clinit>> (0x00000000e8944260) thrown at [D:\src\AOSP-openjdk-cygwin\jdk8u\hotspot\src\share\vm\prims\jni.cpp, line 1614]
Event: 1682.614 Thread 0x00000000199bc000 Exception <a 'java/lang/NoSuchMethodError': <clinit>> (0x00000000e8945860) thrown at [D:\src\AOSP-openjdk-cygwin\jdk8u\hotspot\src\share\vm\prims\jni.cpp, line 1614]
Event: 1682.623 Thread 0x00000000199bc000 Implicit null exception at 0x000000000346b36f to 0x000000000346b40d
Event: 1682.623 Thread 0x00000000199bc000 Implicit null exception at 0x000000000349a9af to 0x000000000349aa4d
Event: 1683.192 Thread 0x00000000199bc000 Exception <a 'java/lang/NoSuchMethodError': java.lang.Object.lambda$static$0(Ljava/util/Set;Ljava/util/Set;)Z> (0x00000000ea2bdbe0) thrown at [D:\src\AOSP-openjdk-cygwin\jdk8u\hotspot\src\share\vm\interpreter\linkResolver.cpp, line 620]
Event: 1683.193 Thread 0x00000000199bc000 Exception <a 'java/lang/NoSuchMethodError': java.lang.Object.lambda$static$1(Ljava/util/Set;Ljava/util/Set;)Z> (0x00000000ea2c0b50) thrown at [D:\src\AOSP-openjdk-cygwin\jdk8u\hotspot\src\share\vm\interpreter\linkResolver.cpp, line 620]
Event: 1683.193 Thread 0x00000000199bc000 Exception <a 'java/lang/NoSuchMethodError': java.lang.Object.lambda$static$2(Ljava/util/Set;Ljava/util/Set;)Z> (0x00000000ea2c3690) thrown at [D:\src\AOSP-openjdk-cygwin\jdk8u\hotspot\src\share\vm\interpreter\linkResolver.cpp, line 620]
Event: 1683.194 Thread 0x00000000199bc000 Exception <a 'java/lang/NoSuchMethodError': java.lang.Object.lambda$static$3(Ljava/util/Set;Ljava/util/Set;)Z> (0x00000000ea2c61d0) thrown at [D:\src\AOSP-openjdk-cygwin\jdk8u\hotspot\src\share\vm\interpreter\linkResolver.cpp, line 620]
Event: 1683.194 Thread 0x00000000199bc000 Exception <a 'java/lang/NoSuchMethodError': java.lang.Object.lambda$static$4(Ljava/util/Set;Ljava/util/Set;)Z> (0x00000000ea2c8d10) thrown at [D:\src\AOSP-openjdk-cygwin\jdk8u\hotspot\src\share\vm\interpreter\linkResolver.cpp, line 620]

Events (10 events):
Event: 1683.536 Executing VM operation: RevokeBias
Event: 1683.537 Executing VM operation: RevokeBias done
Event: 1683.537 loading class org/jetbrains/kotlin/gradle/internal/AndroidSubplugin$sam$i$java_io_FileFilter$0
Event: 1683.537 loading class org/jetbrains/kotlin/gradle/internal/AndroidSubplugin$sam$i$java_io_FileFilter$0 done
Event: 1683.539 loading class org/jetbrains/kotlin/gradle/plugin/android/AndroidGradleWrapper
Event: 1683.539 loading class org/jetbrains/kotlin/gradle/plugin/android/AndroidGradleWrapper done
Event: 1683.540 loading class org/jetbrains/kotlin/gradle/plugin/android/AndroidGradleWrapperKt
Event: 1683.540 loading class org/jetbrains/kotlin/gradle/plugin/android/AndroidGradleWrapperKt done
Event: 1683.541 loading class org/jetbrains/kotlin/gradle/plugin/android/AndroidGradleWrapperKt$invoke$1
Event: 1683.541 loading class org/jetbrains/kotlin/gradle/plugin/android/AndroidGradleWrapperKt$invoke$1 done


Dynamic libraries:
0x00007ff728550000 - 0x00007ff728581000 	C:\Program Files\Android\Android Studio\jre\bin\java.exe
0x00007fff08320000 - 0x00007fff08510000 	C:\WINDOWS\SYSTEM32\ntdll.dll
0x00007fff074c0000 - 0x00007fff07572000 	C:\WINDOWS\System32\KERNEL32.DLL
0x00007fff05e50000 - 0x00007fff060f4000 	C:\WINDOWS\System32\KERNELBASE.dll
0x00007fff06d50000 - 0x00007fff06df3000 	C:\WINDOWS\System32\ADVAPI32.dll
0x00007fff07f00000 - 0x00007fff07f9e000 	C:\WINDOWS\System32\msvcrt.dll
0x00007fff07e60000 - 0x00007fff07ef7000 	C:\WINDOWS\System32\sechost.dll
0x00007fff07220000 - 0x00007fff07340000 	C:\WINDOWS\System32\RPCRT4.dll
0x00007fff06e00000 - 0x00007fff06f94000 	C:\WINDOWS\System32\USER32.dll
0x00007fff054c0000 - 0x00007fff054e1000 	C:\WINDOWS\System32\win32u.dll
0x00007fff07e30000 - 0x00007fff07e56000 	C:\WINDOWS\System32\GDI32.dll
0x00007fff05cb0000 - 0x00007fff05e46000 	C:\WINDOWS\System32\gdi32full.dll
0x00007fff062b0000 - 0x00007fff0634e000 	C:\WINDOWS\System32\msvcp_win.dll
0x00007fff061b0000 - 0x00007fff062aa000 	C:\WINDOWS\System32\ucrtbase.dll
0x00007ffee8a60000 - 0x00007ffee8ce4000 	C:\WINDOWS\WinSxS\amd64_microsoft.windows.common-controls_6595b64144ccf1df_6.0.18362.959_none_e6c7bbbf130c62bb\COMCTL32.dll
0x00007fff07fa0000 - 0x00007fff082d5000 	C:\WINDOWS\System32\combase.dll
0x00007fff06350000 - 0x00007fff063d0000 	C:\WINDOWS\System32\bcryptPrimitives.dll
0x00007fff07420000 - 0x00007fff0744e000 	C:\WINDOWS\System32\IMM32.DLL
0x000000006e240000 - 0x000000006e312000 	C:\Program Files\Android\Android Studio\jre\jre\bin\msvcr100.dll
0x000000006d310000 - 0x000000006db56000 	C:\Program Files\Android\Android Studio\jre\jre\bin\server\jvm.dll
0x00007fff07140000 - 0x00007fff07148000 	C:\WINDOWS\System32\PSAPI.DLL
0x00007ffef3100000 - 0x00007ffef3109000 	C:\WINDOWS\SYSTEM32\WSOCK32.dll
0x00007fff071b0000 - 0x00007fff0721f000 	C:\WINDOWS\System32\WS2_32.dll
0x00007fff011f0000 - 0x00007fff01214000 	C:\WINDOWS\SYSTEM32\WINMM.dll
0x00007fff03070000 - 0x00007fff0307a000 	C:\WINDOWS\SYSTEM32\VERSION.dll
0x00007fff011c0000 - 0x00007fff011ed000 	C:\WINDOWS\SYSTEM32\WINMMBASE.dll
0x00007fff05470000 - 0x00007fff054ba000 	C:\WINDOWS\System32\cfgmgr32.dll
0x00007ffeffa80000 - 0x00007ffeffa8f000 	C:\Program Files\Android\Android Studio\jre\jre\bin\verify.dll
0x00007ffef4190000 - 0x00007ffef41b9000 	C:\Program Files\Android\Android Studio\jre\jre\bin\java.dll
0x00007ffefd7f0000 - 0x00007ffefd806000 	C:\Program Files\Android\Android Studio\jre\jre\bin\zip.dll
0x00007fff07710000 - 0x00007fff07df6000 	C:\WINDOWS\System32\SHELL32.dll
0x00007fff06580000 - 0x00007fff06629000 	C:\WINDOWS\System32\shcore.dll
0x00007fff054f0000 - 0x00007fff05c72000 	C:\WINDOWS\System32\windows.storage.dll
0x00007fff05200000 - 0x00007fff05223000 	C:\WINDOWS\System32\profapi.dll
0x00007fff05250000 - 0x00007fff0529a000 	C:\WINDOWS\System32\powrprof.dll
0x00007fff051d0000 - 0x00007fff051e0000 	C:\WINDOWS\System32\UMPDC.dll
0x00007fff070e0000 - 0x00007fff07132000 	C:\WINDOWS\System32\shlwapi.dll
0x00007fff05230000 - 0x00007fff05241000 	C:\WINDOWS\System32\kernel.appcore.dll
0x00007fff05450000 - 0x00007fff05467000 	C:\WINDOWS\System32\cryptsp.dll
0x00007ffefd1b0000 - 0x00007ffefd1ca000 	C:\Program Files\Android\Android Studio\jre\jre\bin\net.dll
0x00007fff049e0000 - 0x00007fff04a47000 	C:\WINDOWS\system32\mswsock.dll
0x00007ffef3ec0000 - 0x00007ffef3ed1000 	C:\Program Files\Android\Android Studio\jre\jre\bin\nio.dll
0x00007ffef0910000 - 0x00007ffef0936000 	C:\Users\Bohdan\.gradle\native\29\windows-amd64\native-platform.dll
0x00007ffeff950000 - 0x00007ffeff95d000 	C:\Program Files\Android\Android Studio\jre\jre\bin\management.dll
0x00007fff04550000 - 0x00007fff04583000 	C:\WINDOWS\system32\rsaenh.dll
0x00007fff05c80000 - 0x00007fff05ca6000 	C:\WINDOWS\System32\bcrypt.dll
0x00007fff050f0000 - 0x00007fff05115000 	C:\WINDOWS\SYSTEM32\USERENV.dll
0x00007fff04bb0000 - 0x00007fff04bbc000 	C:\WINDOWS\SYSTEM32\CRYPTBASE.dll
0x00007fff046f0000 - 0x00007fff0472a000 	C:\WINDOWS\SYSTEM32\IPHLPAPI.DLL
0x00007fff07e20000 - 0x00007fff07e28000 	C:\WINDOWS\System32\NSI.dll
0x00007ffefbb30000 - 0x00007ffefbb46000 	C:\WINDOWS\SYSTEM32\dhcpcsvc6.DLL
0x00007ffefb2c0000 - 0x00007ffefb2dc000 	C:\WINDOWS\SYSTEM32\dhcpcsvc.DLL
0x00007fff04730000 - 0x00007fff047fb000 	C:\WINDOWS\SYSTEM32\DNSAPI.dll

VM Arguments:
jvm_args: -Xmx1536m -Dfile.encoding=windows-1252 -Duser.country=US -Duser.language=en -Duser.variant 
java_command: org.gradle.launcher.daemon.bootstrap.GradleDaemon 5.4.1
java_class_path (initial): C:\Users\Bohdan\.gradle\wrapper\dists\gradle-5.4.1-all\3221gyojl5jsh0helicew7rwx\gradle-5.4.1\lib\gradle-launcher-5.4.1.jar
Launcher Type: SUN_STANDARD

Environment Variables:
PATH=C:\Program Files (x86)\Common Files\Oracle\Java\javapath;C:\ProgramData\Oracle\Java\javapath;C:\Program Files (x86)\Common Files\Intel\Shared Libraries\redist\intel64\compiler;C:\Program Files (x86)\Common Files\Intel\Shared Libraries\redist\ia32\compiler;C:\WINDOWS\system32;C:\WINDOWS;C:\WINDOWS\System32\Wbem;C:\WINDOWS\System32\WindowsPowerShell\v1.0\;C:\WINDOWS\System32\OpenSSH\;C:\Program Files (x86)\NVIDIA Corporation\PhysX\Common;C:\Program Files (x86)\GitExtensions\;C:\Program Files\NVIDIA Corporation\NVIDIA NvDLISR;C:\Users\Bohdan\AppData\Local\Microsoft\WindowsApps
USERNAME=Bohdan
OS=Windows_NT
PROCESSOR_IDENTIFIER=Intel64 Family 6 Model 78 Stepping 3, GenuineIntel



---------------  S Y S T E M  ---------------

OS: Windows 10.0 , 64 bit Build 18362 (10.0.18362.959)

CPU:total 4 (initial active 4) (2 cores per cpu, 2 threads per core) family 6 model 78 stepping 3, cmov, cx8, fxsr, mmx, sse, sse2, sse3, ssse3, sse4.1, sse4.2, popcnt, avx, avx2, aes, clmul, erms, 3dnowpref, lzcnt, ht, tsc, tscinvbit, bmi1, bmi2, adx

Memory: 4k page, physical 8246408k(1761384k free), swap 11842736k(4708k free)

vm_info: OpenJDK 64-Bit Server VM (25.202-b03) for windows-amd64 JRE (1.8.0_202-release-1483-b03), built by "builder" with MS VC++ 10.0 (VS2010)

time: Mon Oct 26 16:00:50 2020
timezone: Central European Standard Time
elapsed time: 1683 seconds (0d 0h 28m 3s)

