#
# There is insufficient memory for the Java Runtime Environment to continue.
# Native memory allocation (malloc) failed to allocate 1048576 bytes for AllocateHeap
# Possible reasons:
#   The system is out of physical RAM or swap space
#   The process is running with CompressedOops enabled, and the Java Heap may be blocking the growth of the native heap
# Possible solutions:
#   Reduce memory load on the system
#   Increase physical memory or swap space
#   Check if swap backing store is full
#   Decrease Java heap size (-Xmx/-Xms)
#   Decrease number of Java threads
#   Decrease Java thread stack sizes (-Xss)
#   Set larger code cache with -XX:ReservedCodeCacheSize=
#   JVM is running with Unscaled Compressed Oops mode in which the Java heap is
#     placed in the first 4GB address space. The Java Heap base address is the
#     maximum limit for the native heap growth. Please use -XX:HeapBaseMinAddress
#     to set the Java Heap base and to place the Java Heap above 4GB virtual address.
# This output file may be truncated or incomplete.
#
#  Out of Memory Error (memory/allocation.inline.hpp:61), pid=10628, tid=0x0000000000003fe0
#
# JRE version:  (8.0_202-b03) (build )
# Java VM: OpenJDK 64-Bit Server VM (25.202-b03 mixed mode windows-amd64 compressed oops)
# Failed to write core dump. Minidumps are not enabled by default on client versions of Windows
#

---------------  T H R E A D  ---------------

Current thread (0x0000000002676000):  JavaThread "Unknown thread" [_thread_in_vm, id=16352, stack(0x00000000024a0000,0x00000000025a0000)]

Stack: [0x00000000024a0000,0x00000000025a0000]
[error occurred during error reporting (printing stack bounds), id 0xc0000005]

Native frames: (J=compiled Java code, j=interpreted, Vv=VM code, C=native code)


---------------  P R O C E S S  ---------------

Java Threads: ( => current thread )

Other Threads:

=>0x0000000002676000 (exited) JavaThread "Unknown thread" [_thread_in_vm, id=16352, stack(0x00000000024a0000,0x00000000025a0000)]

VM state:not at safepoint (normal execution)

VM Mutex/Monitor currently owned by a thread: None

heap address: 0x0000000082200000, size: 2014 MB, Compressed Oops mode: 32-bit
Narrow klass base: 0x0000000000000000, Narrow klass shift: 3
Compressed class space size: 1073741824 Address: 0x0000000100000000

Heap:
 PSYoungGen      total 37888K, used 655K [0x00000000d6100000, 0x00000000d8b00000, 0x0000000100000000)
  eden space 32768K, 2% used [0x00000000d6100000,0x00000000d61a3d80,0x00000000d8100000)
  from space 5120K, 0% used [0x00000000d8600000,0x00000000d8600000,0x00000000d8b00000)
  to   space 5120K, 0% used [0x00000000d8100000,0x00000000d8100000,0x00000000d8600000)
 ParOldGen       total 86016K, used 0K [0x0000000082200000, 0x0000000087600000, 0x00000000d6100000)
  object space 86016K, 0% used [0x0000000082200000,0x0000000082200000,0x0000000087600000)
 Metaspace       used 778K, capacity 4480K, committed 4480K, reserved 1056768K
  class space    used 74K, capacity 384K, committed 384K, reserved 1048576K

Card table byte_map: [0x0000000011b30000,0x0000000011f20000] byte_map_base: 0x000000001171f000

Marking Bits: (ParMarkBitMap*) 0x000000006dad9f30
 Begin Bits: [0x00000000125c0000, 0x0000000014538000)
 End Bits:   [0x0000000014538000, 0x00000000164b0000)

Polling page: 0x00000000003f0000

CodeCache: size=245760Kb used=328Kb max_used=328Kb free=245431Kb
 bounds [0x0000000002770000, 0x00000000029e0000, 0x0000000011770000]
 total_blobs=57 nmethods=0 adapters=38
 compilation: enabled

Compilation events (0 events):
No events

GC Heap History (0 events):
No events

Deoptimization events (0 events):
No events

Classes redefined (0 events):
No events

Internal exceptions (0 events):
No events

Events (10 events):
Event: 0.031 loading class java/lang/Short
Event: 0.031 loading class java/lang/Short done
Event: 0.031 loading class java/lang/Integer
Event: 0.032 loading class java/lang/Integer done
Event: 0.032 loading class java/lang/Long
Event: 0.032 loading class java/lang/Long done
Event: 0.032 loading class java/lang/NullPointerException
Event: 0.032 loading class java/lang/NullPointerException done
Event: 0.032 loading class java/lang/ArithmeticException
Event: 0.033 loading class java/lang/ArithmeticException done


Dynamic libraries:
0x00007ff6edb00000 - 0x00007ff6edb31000 	C:\Program Files\Android\Android Studio\jre\jre\bin\java.exe
0x00007fff08320000 - 0x00007fff08510000 	C:\WINDOWS\SYSTEM32\ntdll.dll
0x00007fff074c0000 - 0x00007fff07572000 	C:\WINDOWS\System32\KERNEL32.DLL
0x00007fff05e50000 - 0x00007fff060f4000 	C:\WINDOWS\System32\KERNELBASE.dll
0x00007fff06d50000 - 0x00007fff06df3000 	C:\WINDOWS\System32\ADVAPI32.dll
0x00007fff07f00000 - 0x00007fff07f9e000 	C:\WINDOWS\System32\msvcrt.dll
0x00007fff07e60000 - 0x00007fff07ef7000 	C:\WINDOWS\System32\sechost.dll
0x00007fff07220000 - 0x00007fff07340000 	C:\WINDOWS\System32\RPCRT4.dll
0x00007fff06e00000 - 0x00007fff06f94000 	C:\WINDOWS\System32\USER32.dll
0x00007fff054c0000 - 0x00007fff054e1000 	C:\WINDOWS\System32\win32u.dll
0x00007fff07e30000 - 0x00007fff07e56000 	C:\WINDOWS\System32\GDI32.dll
0x00007fff05cb0000 - 0x00007fff05e46000 	C:\WINDOWS\System32\gdi32full.dll
0x00007fff062b0000 - 0x00007fff0634e000 	C:\WINDOWS\System32\msvcp_win.dll
0x00007fff061b0000 - 0x00007fff062aa000 	C:\WINDOWS\System32\ucrtbase.dll
0x00007ffee8a60000 - 0x00007ffee8ce4000 	C:\WINDOWS\WinSxS\amd64_microsoft.windows.common-controls_6595b64144ccf1df_6.0.18362.959_none_e6c7bbbf130c62bb\COMCTL32.dll
0x00007fff07fa0000 - 0x00007fff082d5000 	C:\WINDOWS\System32\combase.dll
0x00007fff06350000 - 0x00007fff063d0000 	C:\WINDOWS\System32\bcryptPrimitives.dll
0x00007fff07420000 - 0x00007fff0744e000 	C:\WINDOWS\System32\IMM32.DLL
0x000000006e240000 - 0x000000006e312000 	C:\Program Files\Android\Android Studio\jre\jre\bin\msvcr100.dll
0x000000006d310000 - 0x000000006db56000 	C:\Program Files\Android\Android Studio\jre\jre\bin\server\jvm.dll
0x00007fff07140000 - 0x00007fff07148000 	C:\WINDOWS\System32\PSAPI.DLL
0x00007fff03070000 - 0x00007fff0307a000 	C:\WINDOWS\SYSTEM32\VERSION.dll
0x00007fff011f0000 - 0x00007fff01214000 	C:\WINDOWS\SYSTEM32\WINMM.dll
0x00007ffef3100000 - 0x00007ffef3109000 	C:\WINDOWS\SYSTEM32\WSOCK32.dll
0x00007fff071b0000 - 0x00007fff0721f000 	C:\WINDOWS\System32\WS2_32.dll
0x00007fff011c0000 - 0x00007fff011ed000 	C:\WINDOWS\SYSTEM32\winmmbase.dll
0x00007fff05470000 - 0x00007fff054ba000 	C:\WINDOWS\System32\cfgmgr32.dll
0x00007ffeffa80000 - 0x00007ffeffa8f000 	C:\Program Files\Android\Android Studio\jre\jre\bin\verify.dll
0x00007ffef4190000 - 0x00007ffef41b9000 	C:\Program Files\Android\Android Studio\jre\jre\bin\java.dll
0x00007ffefd7f0000 - 0x00007ffefd806000 	C:\Program Files\Android\Android Studio\jre\jre\bin\zip.dll

VM Arguments:
java_command: org.jetbrains.kotlin.cli.jvm.K2JVMCompiler -Xallow-no-source-files -classpath C:\Users\Bohdan\.gradle\caches\modules-2\files-2.1\org.jetbrains.kotlin\kotlin-android-extensions-runtime\1.3.61\289bdf25b4886749e040c7a7d3aab8a57f85c631\kotlin-android-extensions-runtime-1.3.61.jar;C:\Users\Bohdan\.gradle\caches\modules-2\files-2.1\org.jetbrains.kotlin\kotlin-stdlib-jdk7\1.3.61\70dffc5f8ac5ea7c34f30deac5b9d8b1d48af066\kotlin-stdlib-jdk7-1.3.61.jar;C:\Users\Bohdan\.gradle\caches\transforms-2\files-2.1\4721177a09ff5d0463aebe484626c261\core-ktx-1.3.2-api.jar;C:\Users\Bohdan\.gradle\caches\modules-2\files-2.1\org.jetbrains.kotlin\kotlin-stdlib\1.3.71\898273189ad22779da6bed88ded39b14cb5fd432\kotlin-stdlib-1.3.71.jar;C:\Users\Bohdan\.gradle\caches\modules-2\files-2.1\org.jetbrains.kotlin\kotlin-stdlib-common\1.3.71\e71c3fef58e26affeb03d675e91fd8abdd44aa7b\kotlin-stdlib-common-1.3.71.jar;C:\Users\Bohdan\.gradle\caches\modules-2\files-2.1\org.jetbrains\annotations\13.0\919f0dfe192fb4e063e7dacadee7f8bb9a2672a9\annotations-13.0.jar;C:\Users\Bohdan\.gradle\caches\transforms-2\files-2.1\ac96cc72f4d686b8c14b2f89ba523315\constraintlayout-2.0.2-api.jar;C:\Users\Bohdan\.gradle\caches\transforms-2\files-2.1\8b755b70471c0d70e9000f63ac9c6171\appcompat-1.2.0-api.jar;C:\Users\Bohdan\.gradle\caches\transforms-2\files-2.1\89b0db50b833061760b544b40aaecc2a\jetified-firebase-database-16.0.4-api.jar;C:\Users\Bohdan\.gradle\caches\transforms-2\files-2.1\419e7bcb5ec61e8e327f0f27c5d21fa2\jetified-firebase-auth-16.0.5-api.jar;C:\Users\Bohdan\.gradle\caches\transforms-2\files-2.1\108c22174618d805421c30ab91a9a91c\play-services-flags-16.0.1-api.jar;C:\Users\Bohdan\.gradle\caches\transforms-2\files-2.1\e7cd12e69d9ab318cd29fa6d168f9bc4\jetified-firebase-auth-interop-16.0.1-api.jar;C:\Users\Bohdan\.gradle\caches\transforms-2\files-2.1\9f59a540bc4bc0383bcb8ab83f44e834\jetified-play-services-base-16.0.1-api.jar;C:\Users\Bohdan\.gradle\caches\transforms-2\files-2.1\ae8eed18936633d4bc341acfebbb01
java_class_path (initial): C:\Users\Bohdan\.gradle\caches\modules-2\files-2.1\org.jetbrains.kotlin\kotlin-compiler-embeddable\1.3.61\c35c0833d5a1e3d229359758482c480306724618\kotlin-compiler-embeddable-1.3.61.jar;C:\Users\Bohdan\.gradle\caches\modules-2\files-2.1\org.jetbrains.kotlin\kotlin-reflect\1.3.61\2e07c9a84c9e118efb70eede7e579fd663932122\kotlin-reflect-1.3.61.jar;C:\Users\Bohdan\.gradle\caches\modules-2\files-2.1\org.jetbrains.kotlin\kotlin-stdlib\1.3.61\4702105e97f7396ae41b113fdbdc180ec1eb1e36\kotlin-stdlib-1.3.61.jar;C:\Users\Bohdan\.gradle\caches\modules-2\files-2.1\org.jetbrains.kotlin\kotlin-script-runtime\1.3.61\e5feb39c8de63dcbdc1154b34ca4413874231605\kotlin-script-runtime-1.3.61.jar;C:\Users\Bohdan\.gradle\caches\modules-2\files-2.1\org.jetbrains.kotlin\kotlin-daemon-embeddable\1.3.61\4de83e41a92c8395d89ab2e81d26b788ba163824\kotlin-daemon-embeddable-1.3.61.jar;C:\Users\Bohdan\.gradle\caches\modules-2\files-2.1\org.jetbrains.intellij.deps\trove4j\1.0.20181211\216c2e14b070f334479d800987affe4054cd563f\trove4j-1.0.20181211.jar;C:\Users\Bohdan\.gradle\caches\modules-2\files-2.1\org.jetbrains.kotlin\kotlin-stdlib-common\1.3.61\65abb71d5afb850b68be03987b08e2c864ca3110\kotlin-stdlib-common-1.3.61.jar;C:\Users\Bohdan\.gradle\caches\modules-2\files-2.1\org.jetbrains\annotations\13.0\919f0dfe192fb4e063e7dacadee7f8bb9a2672a9\annotations-13.0.jar;C:\Program Files\Android\Android Studio\jre\lib\tools.jar
Launcher Type: SUN_STANDARD

Environment Variables:
PATH=C:\Program Files (x86)\Common Files\Oracle\Java\javapath;C:\ProgramData\Oracle\Java\javapath;C:\Program Files (x86)\Common Files\Intel\Shared Libraries\redist\intel64\compiler;C:\Program Files (x86)\Common Files\Intel\Shared Libraries\redist\ia32\compiler;C:\WINDOWS\system32;C:\WINDOWS;C:\WINDOWS\System32\Wbem;C:\WINDOWS\System32\WindowsPowerShell\v1.0\;C:\WINDOWS\System32\OpenSSH\;C:\Program Files (x86)\NVIDIA Corporation\PhysX\Common;C:\Program Files (x86)\GitExtensions\;C:\Program Files\NVIDIA Corporation\NVIDIA NvDLISR;C:\Users\Bohdan\AppData\Local\Microsoft\WindowsApps
USERNAME=Bohdan
OS=Windows_NT
PROCESSOR_IDENTIFIER=Intel64 Family 6 Model 78 Stepping 3, GenuineIntel



---------------  S Y S T E M  ---------------

OS: Windows 10.0 , 64 bit Build 18362 (10.0.18362.959)

CPU:total 4 (initial active 4) (2 cores per cpu, 2 threads per core) family 6 model 78 stepping 3, cmov, cx8, fxsr, mmx, sse, sse2, sse3, ssse3, sse4.1, sse4.2, popcnt, avx, avx2, aes, clmul, erms, 3dnowpref, lzcnt, ht, tsc, tscinvbit, bmi1, bmi2, adx

Memory: 4k page, physical 8246408k(1665052k free), swap 11842736k(5588k free)

vm_info: OpenJDK 64-Bit Server VM (25.202-b03) for windows-amd64 JRE (1.8.0_202-release-1483-b03), built by "builder" with MS VC++ 10.0 (VS2010)

time: Mon Oct 26 16:23:53 2020
timezone: Central European Standard Time
elapsed time: 0 seconds (0d 0h 0m 0s)

